127.0.0.1 - - [12/Sep/2021:18:08:15 +0700] "GET / HTTP/1.1" 200 615 "-" "Mozilla/5.0 (Windows NT 10.0; Win64; x64) AppleWebKit/537.36 (KHTML, like Gecko) Chrome/93.0.4577.63 Safari/537.36"
127.0.0.1 - - [12/Sep/2021:18:08:16 +0700] "GET /favicon.ico HTTP/1.1" 404 555 "http://localhost/" "Mozilla/5.0 (Windows NT 10.0; Win64; x64) AppleWebKit/537.36 (KHTML, like Gecko) Chrome/93.0.4577.63 Safari/537.36"
127.0.0.1 - - [12/Sep/2021:18:12:24 +0700] "GET / HTTP/1.1" 304 0 "-" "Mozilla/5.0 (Windows NT 10.0; Win64; x64) AppleWebKit/537.36 (KHTML, like Gecko) Chrome/93.0.4577.63 Safari/537.36"
127.0.0.1 - - [12/Sep/2021:18:12:27 +0700] "GET / HTTP/1.1" 304 0 "-" "Mozilla/5.0 (Windows NT 10.0; Win64; x64) AppleWebKit/537.36 (KHTML, like Gecko) Chrome/93.0.4577.63 Safari/537.36"
::1 - - [12/Sep/2021:18:25:47 +0700] "GET / HTTP/1.1" 502 559 "-" "Mozilla/5.0 (Windows NT 10.0; Win64; x64) AppleWebKit/537.36 (KHTML, like Gecko) Chrome/93.0.4577.63 Safari/537.36"
::1 - - [12/Sep/2021:18:31:40 +0700] "GET / HTTP/1.1" 502 559 "-" "Mozilla/5.0 (Windows NT 10.0; Win64; x64) AppleWebKit/537.36 (KHTML, like Gecko) Chrome/93.0.4577.63 Safari/537.36"
::1 - - [12/Sep/2021:18:31:44 +0700] "GET / HTTP/1.1" 502 559 "-" "Mozilla/5.0 (Windows NT 10.0; Win64; x64) AppleWebKit/537.36 (KHTML, like Gecko) Chrome/93.0.4577.63 Safari/537.36"
::1 - - [12/Sep/2021:18:31:47 +0700] "GET / HTTP/1.1" 502 559 "-" "Mozilla/5.0 (Windows NT 10.0; Win64; x64) AppleWebKit/537.36 (KHTML, like Gecko) Chrome/93.0.4577.63 Safari/537.36"
::1 - - [12/Sep/2021:18:32:01 +0700] "GET / HTTP/1.1" 502 559 "-" "Mozilla/5.0 (Windows NT 10.0; Win64; x64) AppleWebKit/537.36 (KHTML, like Gecko) Chrome/93.0.4577.63 Safari/537.36"
::1 - - [13/Sep/2021:00:00:16 +0700] "GET / HTTP/1.1" 502 559 "-" "Mozilla/5.0 (Windows NT 10.0; Win64; x64) AppleWebKit/537.36 (KHTML, like Gecko) Chrome/93.0.4577.63 Safari/537.36"
::1 - - [13/Sep/2021:00:00:19 +0700] "GET /favicon.ico HTTP/1.1" 502 559 "http://localhost/" "Mozilla/5.0 (Windows NT 10.0; Win64; x64) AppleWebKit/537.36 (KHTML, like Gecko) Chrome/93.0.4577.63 Safari/537.36"
::1 - - [13/Sep/2021:00:00:23 +0700] "GET / HTTP/1.1" 502 559 "-" "Mozilla/5.0 (Windows NT 10.0; Win64; x64) AppleWebKit/537.36 (KHTML, like Gecko) Chrome/93.0.4577.63 Safari/537.36"
::1 - - [13/Sep/2021:00:00:25 +0700] "GET /favicon.ico HTTP/1.1" 502 559 "http://localhost/" "Mozilla/5.0 (Windows NT 10.0; Win64; x64) AppleWebKit/537.36 (KHTML, like Gecko) Chrome/93.0.4577.63 Safari/537.36"
127.0.0.1 - - [13/Sep/2021:00:03:24 +0700] "GET / HTTP/1.1" 200 615 "-" "Mozilla/5.0 (Windows NT 10.0; Win64; x64) AppleWebKit/537.36 (KHTML, like Gecko) Chrome/93.0.4577.63 Safari/537.36"
127.0.0.1 - - [13/Sep/2021:00:03:24 +0700] "GET /favicon.ico HTTP/1.1" 404 555 "http://localhost/" "Mozilla/5.0 (Windows NT 10.0; Win64; x64) AppleWebKit/537.36 (KHTML, like Gecko) Chrome/93.0.4577.63 Safari/537.36"
::1 - - [13/Sep/2021:00:08:49 +0700] "GET / HTTP/1.1" 502 559 "-" "Mozilla/5.0 (Windows NT 10.0; Win64; x64) AppleWebKit/537.36 (KHTML, like Gecko) Chrome/93.0.4577.63 Safari/537.36"
::1 - - [13/Sep/2021:00:08:56 +0700] "GET / HTTP/1.1" 502 559 "-" "Mozilla/5.0 (Windows NT 10.0; Win64; x64) AppleWebKit/537.36 (KHTML, like Gecko) Chrome/93.0.4577.63 Safari/537.36"
::1 - - [13/Sep/2021:00:09:51 +0700] "GET / HTTP/1.1" 502 559 "-" "Mozilla/5.0 (Windows NT 10.0; Win64; x64) AppleWebKit/537.36 (KHTML, like Gecko) Chrome/93.0.4577.63 Safari/537.36"
::1 - - [13/Sep/2021:00:09:55 +0700] "GET / HTTP/1.1" 502 559 "-" "Mozilla/5.0 (Windows NT 10.0; Win64; x64) AppleWebKit/537.36 (KHTML, like Gecko) Chrome/93.0.4577.63 Safari/537.36"
::1 - - [13/Sep/2021:00:09:59 +0700] "GET / HTTP/1.1" 502 559 "-" "Mozilla/5.0 (Windows NT 10.0; Win64; x64) AppleWebKit/537.36 (KHTML, like Gecko) Chrome/93.0.4577.63 Safari/537.36"
::1 - - [13/Sep/2021:00:10:59 +0700] "GET / HTTP/1.1" 502 559 "-" "Mozilla/5.0 (Windows NT 10.0; Win64; x64) AppleWebKit/537.36 (KHTML, like Gecko) Chrome/93.0.4577.63 Safari/537.36"
::1 - - [13/Sep/2021:00:11:03 +0700] "GET / HTTP/1.1" 502 559 "-" "Mozilla/5.0 (Windows NT 10.0; Win64; x64) AppleWebKit/537.36 (KHTML, like Gecko) Chrome/93.0.4577.63 Safari/537.36"
::1 - - [13/Sep/2021:00:12:20 +0700] "GET / HTTP/1.1" 404 2584 "-" "Mozilla/5.0 (Windows NT 10.0; Win64; x64) AppleWebKit/537.36 (KHTML, like Gecko) Chrome/93.0.4577.63 Safari/537.36"
::1 - - [13/Sep/2021:00:12:50 +0700] "GET /admin HTTP/1.1" 301 0 "-" "Mozilla/5.0 (Windows NT 10.0; Win64; x64) AppleWebKit/537.36 (KHTML, like Gecko) Chrome/93.0.4577.63 Safari/537.36"
::1 - - [13/Sep/2021:00:12:50 +0700] "GET /admin/ HTTP/1.1" 302 0 "-" "Mozilla/5.0 (Windows NT 10.0; Win64; x64) AppleWebKit/537.36 (KHTML, like Gecko) Chrome/93.0.4577.63 Safari/537.36"
::1 - - [13/Sep/2021:00:12:50 +0700] "GET /admin/login/?next=/admin/ HTTP/1.1" 200 2188 "-" "Mozilla/5.0 (Windows NT 10.0; Win64; x64) AppleWebKit/537.36 (KHTML, like Gecko) Chrome/93.0.4577.63 Safari/537.36"
::1 - - [13/Sep/2021:00:12:53 +0700] "GET /static/admin/css/login.css HTTP/1.1" 200 939 "http://localhost/admin/login/?next=/admin/" "Mozilla/5.0 (Windows NT 10.0; Win64; x64) AppleWebKit/537.36 (KHTML, like Gecko) Chrome/93.0.4577.63 Safari/537.36"
::1 - - [13/Sep/2021:00:12:53 +0700] "GET /static/admin/css/responsive.css HTTP/1.1" 200 18545 "http://localhost/admin/login/?next=/admin/" "Mozilla/5.0 (Windows NT 10.0; Win64; x64) AppleWebKit/537.36 (KHTML, like Gecko) Chrome/93.0.4577.63 Safari/537.36"
::1 - - [13/Sep/2021:00:12:53 +0700] "GET /static/admin/css/base.css HTTP/1.1" 200 19513 "http://localhost/admin/login/?next=/admin/" "Mozilla/5.0 (Windows NT 10.0; Win64; x64) AppleWebKit/537.36 (KHTML, like Gecko) Chrome/93.0.4577.63 Safari/537.36"
::1 - - [13/Sep/2021:00:12:53 +0700] "GET /static/admin/css/nav_sidebar.css HTTP/1.1" 200 2271 "http://localhost/admin/login/?next=/admin/" "Mozilla/5.0 (Windows NT 10.0; Win64; x64) AppleWebKit/537.36 (KHTML, like Gecko) Chrome/93.0.4577.63 Safari/537.36"
::1 - - [13/Sep/2021:00:12:53 +0700] "GET /static/admin/js/nav_sidebar.js HTTP/1.1" 200 1360 "http://localhost/admin/login/?next=/admin/" "Mozilla/5.0 (Windows NT 10.0; Win64; x64) AppleWebKit/537.36 (KHTML, like Gecko) Chrome/93.0.4577.63 Safari/537.36"
::1 - - [13/Sep/2021:00:12:53 +0700] "GET /static/admin/css/fonts.css HTTP/1.1" 200 423 "http://localhost/static/admin/css/base.css" "Mozilla/5.0 (Windows NT 10.0; Win64; x64) AppleWebKit/537.36 (KHTML, like Gecko) Chrome/93.0.4577.63 Safari/537.36"
::1 - - [13/Sep/2021:00:12:54 +0700] "GET /static/admin/fonts/Roboto-Regular-webfont.woff HTTP/1.1" 200 85876 "http://localhost/static/admin/css/fonts.css" "Mozilla/5.0 (Windows NT 10.0; Win64; x64) AppleWebKit/537.36 (KHTML, like Gecko) Chrome/93.0.4577.63 Safari/537.36"
::1 - - [13/Sep/2021:00:12:54 +0700] "GET /static/admin/fonts/Roboto-Light-webfont.woff HTTP/1.1" 200 85692 "http://localhost/static/admin/css/fonts.css" "Mozilla/5.0 (Windows NT 10.0; Win64; x64) AppleWebKit/537.36 (KHTML, like Gecko) Chrome/93.0.4577.63 Safari/537.36"
::1 - - [13/Sep/2021:00:13:43 +0700] "GET / HTTP/1.1" 404 2584 "-" "Mozilla/5.0 (Windows NT 10.0; Win64; x64) AppleWebKit/537.36 (KHTML, like Gecko) Chrome/93.0.4577.63 Safari/537.36"
::1 - - [13/Sep/2021:00:15:11 +0700] "GET / HTTP/1.1" 404 2584 "-" "Mozilla/5.0 (Windows NT 10.0; Win64; x64) AppleWebKit/537.36 (KHTML, like Gecko) Chrome/93.0.4577.63 Safari/537.36"
::1 - - [13/Sep/2021:19:05:33 +0700] "GET / HTTP/1.1" 502 559 "-" "Mozilla/5.0 (Windows NT 10.0; Win64; x64) AppleWebKit/537.36 (KHTML, like Gecko) Chrome/93.0.4577.63 Safari/537.36"
::1 - - [13/Sep/2021:19:05:36 +0700] "GET /favicon.ico HTTP/1.1" 502 559 "http://localhost/" "Mozilla/5.0 (Windows NT 10.0; Win64; x64) AppleWebKit/537.36 (KHTML, like Gecko) Chrome/93.0.4577.63 Safari/537.36"
::1 - - [13/Sep/2021:19:06:05 +0700] "GET /api HTTP/1.1" 502 559 "-" "Mozilla/5.0 (Windows NT 10.0; Win64; x64) AppleWebKit/537.36 (KHTML, like Gecko) Chrome/93.0.4577.63 Safari/537.36"
::1 - - [13/Sep/2021:19:06:08 +0700] "GET /favicon.ico HTTP/1.1" 502 559 "http://localhost/api" "Mozilla/5.0 (Windows NT 10.0; Win64; x64) AppleWebKit/537.36 (KHTML, like Gecko) Chrome/93.0.4577.63 Safari/537.36"
::1 - - [13/Sep/2021:19:06:12 +0700] "GET /admin/ HTTP/1.1" 502 559 "-" "Mozilla/5.0 (Windows NT 10.0; Win64; x64) AppleWebKit/537.36 (KHTML, like Gecko) Chrome/93.0.4577.63 Safari/537.36"
::1 - - [13/Sep/2021:19:06:15 +0700] "GET /favicon.ico HTTP/1.1" 502 559 "http://localhost/admin/" "Mozilla/5.0 (Windows NT 10.0; Win64; x64) AppleWebKit/537.36 (KHTML, like Gecko) Chrome/93.0.4577.63 Safari/537.36"
::1 - - [13/Sep/2021:19:06:52 +0700] "GET /admin/ HTTP/1.1" 502 559 "-" "Mozilla/5.0 (Windows NT 10.0; Win64; x64) AppleWebKit/537.36 (KHTML, like Gecko) Chrome/93.0.4577.63 Safari/537.36"
::1 - - [13/Sep/2021:19:06:55 +0700] "GET /favicon.ico HTTP/1.1" 502 559 "http://localhost/admin/" "Mozilla/5.0 (Windows NT 10.0; Win64; x64) AppleWebKit/537.36 (KHTML, like Gecko) Chrome/93.0.4577.63 Safari/537.36"
::1 - - [13/Sep/2021:19:06:58 +0700] "GET /api HTTP/1.1" 404 2611 "-" "Mozilla/5.0 (Windows NT 10.0; Win64; x64) AppleWebKit/537.36 (KHTML, like Gecko) Chrome/93.0.4577.63 Safari/537.36"
::1 - - [13/Sep/2021:19:07:01 +0700] "GET /favicon.ico HTTP/1.1" 502 559 "http://localhost/api" "Mozilla/5.0 (Windows NT 10.0; Win64; x64) AppleWebKit/537.36 (KHTML, like Gecko) Chrome/93.0.4577.63 Safari/537.36"
::1 - - [13/Sep/2021:19:07:09 +0700] "GET / HTTP/1.1" 502 559 "-" "Mozilla/5.0 (Windows NT 10.0; Win64; x64) AppleWebKit/537.36 (KHTML, like Gecko) Chrome/93.0.4577.63 Safari/537.36"
::1 - - [13/Sep/2021:19:07:12 +0700] "GET /favicon.ico HTTP/1.1" 502 559 "http://localhost/" "Mozilla/5.0 (Windows NT 10.0; Win64; x64) AppleWebKit/537.36 (KHTML, like Gecko) Chrome/93.0.4577.63 Safari/537.36"
::1 - - [13/Sep/2021:19:07:15 +0700] "GET /admin/ HTTP/1.1" 502 559 "-" "Mozilla/5.0 (Windows NT 10.0; Win64; x64) AppleWebKit/537.36 (KHTML, like Gecko) Chrome/93.0.4577.63 Safari/537.36"
::1 - - [13/Sep/2021:19:07:18 +0700] "GET /favicon.ico HTTP/1.1" 502 559 "http://localhost/admin/" "Mozilla/5.0 (Windows NT 10.0; Win64; x64) AppleWebKit/537.36 (KHTML, like Gecko) Chrome/93.0.4577.63 Safari/537.36"
::1 - - [13/Sep/2021:19:07:32 +0700] "GET /api/admin/ HTTP/1.1" 404 2632 "-" "Mozilla/5.0 (Windows NT 10.0; Win64; x64) AppleWebKit/537.36 (KHTML, like Gecko) Chrome/93.0.4577.63 Safari/537.36"
::1 - - [13/Sep/2021:19:07:35 +0700] "GET /favicon.ico HTTP/1.1" 502 559 "http://localhost/api/admin/" "Mozilla/5.0 (Windows NT 10.0; Win64; x64) AppleWebKit/537.36 (KHTML, like Gecko) Chrome/93.0.4577.63 Safari/537.36"
::1 - - [13/Sep/2021:19:08:13 +0700] "GET /admin/ HTTP/1.1" 502 559 "-" "Mozilla/5.0 (Windows NT 10.0; Win64; x64) AppleWebKit/537.36 (KHTML, like Gecko) Chrome/93.0.4577.63 Safari/537.36"
::1 - - [13/Sep/2021:19:08:35 +0700] "GET /favicon.ico HTTP/1.1" 502 559 "http://localhost/admin/" "Mozilla/5.0 (Windows NT 10.0; Win64; x64) AppleWebKit/537.36 (KHTML, like Gecko) Chrome/93.0.4577.63 Safari/537.36"
::1 - - [13/Sep/2021:19:08:35 +0700] "GET /admin/ HTTP/1.1" 302 0 "-" "Mozilla/5.0 (Windows NT 10.0; Win64; x64) AppleWebKit/537.36 (KHTML, like Gecko) Chrome/93.0.4577.63 Safari/537.36"
::1 - - [13/Sep/2021:19:08:36 +0700] "GET /admin/login/?next=/admin/ HTTP/1.1" 200 2188 "-" "Mozilla/5.0 (Windows NT 10.0; Win64; x64) AppleWebKit/537.36 (KHTML, like Gecko) Chrome/93.0.4577.63 Safari/537.36"
::1 - - [13/Sep/2021:19:08:38 +0700] "GET /favicon.ico HTTP/1.1" 502 559 "http://localhost/admin/login/?next=/admin/" "Mozilla/5.0 (Windows NT 10.0; Win64; x64) AppleWebKit/537.36 (KHTML, like Gecko) Chrome/93.0.4577.63 Safari/537.36"
::1 - - [13/Sep/2021:19:08:42 +0700] "POST /admin/login/?next=/admin/ HTTP/1.1" 302 0 "http://localhost/admin/login/?next=/admin/" "Mozilla/5.0 (Windows NT 10.0; Win64; x64) AppleWebKit/537.36 (KHTML, like Gecko) Chrome/93.0.4577.63 Safari/537.36"
::1 - - [13/Sep/2021:19:08:43 +0700] "GET /admin/ HTTP/1.1" 200 5306 "http://localhost/admin/login/?next=/admin/" "Mozilla/5.0 (Windows NT 10.0; Win64; x64) AppleWebKit/537.36 (KHTML, like Gecko) Chrome/93.0.4577.63 Safari/537.36"
::1 - - [13/Sep/2021:19:08:45 +0700] "GET /static/admin/css/dashboard.css HTTP/1.1" 502 559 "http://localhost/admin/" "Mozilla/5.0 (Windows NT 10.0; Win64; x64) AppleWebKit/537.36 (KHTML, like Gecko) Chrome/93.0.4577.63 Safari/537.36"
::1 - - [13/Sep/2021:19:08:47 +0700] "GET /static/admin/img/icon-addlink.svg HTTP/1.1" 502 559 "http://localhost/static/admin/css/base.css" "Mozilla/5.0 (Windows NT 10.0; Win64; x64) AppleWebKit/537.36 (KHTML, like Gecko) Chrome/93.0.4577.63 Safari/537.36"
::1 - - [13/Sep/2021:19:08:47 +0700] "GET /static/admin/img/icon-changelink.svg HTTP/1.1" 502 559 "http://localhost/static/admin/css/base.css" "Mozilla/5.0 (Windows NT 10.0; Win64; x64) AppleWebKit/537.36 (KHTML, like Gecko) Chrome/93.0.4577.63 Safari/537.36"
::1 - - [13/Sep/2021:19:08:47 +0700] "GET /static/admin/img/icon-deletelink.svg HTTP/1.1" 502 559 "http://localhost/static/admin/css/base.css" "Mozilla/5.0 (Windows NT 10.0; Win64; x64) AppleWebKit/537.36 (KHTML, like Gecko) Chrome/93.0.4577.63 Safari/537.36"
::1 - - [13/Sep/2021:19:08:47 +0700] "GET /static/admin/fonts/Roboto-Bold-webfont.woff HTTP/1.1" 502 559 "http://localhost/static/admin/css/fonts.css" "Mozilla/5.0 (Windows NT 10.0; Win64; x64) AppleWebKit/537.36 (KHTML, like Gecko) Chrome/93.0.4577.63 Safari/537.36"
::1 - - [13/Sep/2021:19:08:49 +0700] "GET /favicon.ico HTTP/1.1" 502 559 "http://localhost/admin/" "Mozilla/5.0 (Windows NT 10.0; Win64; x64) AppleWebKit/537.36 (KHTML, like Gecko) Chrome/93.0.4577.63 Safari/537.36"
::1 - - [13/Sep/2021:19:08:57 +0700] "GET /admin/film/film/ HTTP/1.1" 200 10628 "http://localhost/admin/" "Mozilla/5.0 (Windows NT 10.0; Win64; x64) AppleWebKit/537.36 (KHTML, like Gecko) Chrome/93.0.4577.63 Safari/537.36"
::1 - - [13/Sep/2021:19:08:57 +0700] "GET /admin/jsi18n/ HTTP/1.1" 200 3195 "http://localhost/admin/film/film/" "Mozilla/5.0 (Windows NT 10.0; Win64; x64) AppleWebKit/537.36 (KHTML, like Gecko) Chrome/93.0.4577.63 Safari/537.36"
::1 - - [13/Sep/2021:19:08:59 +0700] "GET /static/admin/css/changelists.css HTTP/1.1" 502 559 "http://localhost/admin/film/film/" "Mozilla/5.0 (Windows NT 10.0; Win64; x64) AppleWebKit/537.36 (KHTML, like Gecko) Chrome/93.0.4577.63 Safari/537.36"
::1 - - [13/Sep/2021:19:08:59 +0700] "GET /static/admin/js/vendor/jquery/jquery.js HTTP/1.1" 502 559 "http://localhost/admin/film/film/" "Mozilla/5.0 (Windows NT 10.0; Win64; x64) AppleWebKit/537.36 (KHTML, like Gecko) Chrome/93.0.4577.63 Safari/537.36"
::1 - - [13/Sep/2021:19:08:59 +0700] "GET /static/admin/js/jquery.init.js HTTP/1.1" 502 559 "http://localhost/admin/film/film/" "Mozilla/5.0 (Windows NT 10.0; Win64; x64) AppleWebKit/537.36 (KHTML, like Gecko) Chrome/93.0.4577.63 Safari/537.36"
::1 - - [13/Sep/2021:19:08:59 +0700] "GET /static/admin/js/core.js HTTP/1.1" 502 559 "http://localhost/admin/film/film/" "Mozilla/5.0 (Windows NT 10.0; Win64; x64) AppleWebKit/537.36 (KHTML, like Gecko) Chrome/93.0.4577.63 Safari/537.36"
::1 - - [13/Sep/2021:19:08:59 +0700] "GET /static/admin/js/admin/RelatedObjectLookups.js HTTP/1.1" 502 559 "http://localhost/admin/film/film/" "Mozilla/5.0 (Windows NT 10.0; Win64; x64) AppleWebKit/537.36 (KHTML, like Gecko) Chrome/93.0.4577.63 Safari/537.36"
::1 - - [13/Sep/2021:19:08:59 +0700] "GET /static/admin/js/actions.js HTTP/1.1" 502 559 "http://localhost/admin/film/film/" "Mozilla/5.0 (Windows NT 10.0; Win64; x64) AppleWebKit/537.36 (KHTML, like Gecko) Chrome/93.0.4577.63 Safari/537.36"
::1 - - [13/Sep/2021:19:09:01 +0700] "GET /static/admin/js/urlify.js HTTP/1.1" 502 559 "http://localhost/admin/film/film/" "Mozilla/5.0 (Windows NT 10.0; Win64; x64) AppleWebKit/537.36 (KHTML, like Gecko) Chrome/93.0.4577.63 Safari/537.36"
::1 - - [13/Sep/2021:19:09:01 +0700] "GET /static/admin/js/prepopulate.js HTTP/1.1" 502 559 "http://localhost/admin/film/film/" "Mozilla/5.0 (Windows NT 10.0; Win64; x64) AppleWebKit/537.36 (KHTML, like Gecko) Chrome/93.0.4577.63 Safari/537.36"
::1 - - [13/Sep/2021:19:09:01 +0700] "GET /static/admin/js/vendor/xregexp/xregexp.js HTTP/1.1" 502 559 "http://localhost/admin/film/film/" "Mozilla/5.0 (Windows NT 10.0; Win64; x64) AppleWebKit/537.36 (KHTML, like Gecko) Chrome/93.0.4577.63 Safari/537.36"
::1 - - [13/Sep/2021:19:09:03 +0700] "GET /static/rmlogos.png HTTP/1.1" 502 559 "http://localhost/admin/film/film/" "Mozilla/5.0 (Windows NT 10.0; Win64; x64) AppleWebKit/537.36 (KHTML, like Gecko) Chrome/93.0.4577.63 Safari/537.36"
::1 - - [13/Sep/2021:19:09:03 +0700] "GET /static/admin/img/search.svg HTTP/1.1" 502 559 "http://localhost/admin/film/film/" "Mozilla/5.0 (Windows NT 10.0; Win64; x64) AppleWebKit/537.36 (KHTML, like Gecko) Chrome/93.0.4577.63 Safari/537.36"
::1 - - [13/Sep/2021:19:09:04 +0700] "GET /static/admin/img/icon-addlink.svg HTTP/1.1" 502 559 "http://localhost/static/admin/css/base.css" "Mozilla/5.0 (Windows NT 10.0; Win64; x64) AppleWebKit/537.36 (KHTML, like Gecko) Chrome/93.0.4577.63 Safari/537.36"
::1 - - [13/Sep/2021:19:09:04 +0700] "GET /static/shp.jpg HTTP/1.1" 502 559 "http://localhost/admin/film/film/" "Mozilla/5.0 (Windows NT 10.0; Win64; x64) AppleWebKit/537.36 (KHTML, like Gecko) Chrome/93.0.4577.63 Safari/537.36"
::1 - - [13/Sep/2021:19:09:04 +0700] "GET /static/admin/img/tooltag-add.svg HTTP/1.1" 502 559 "http://localhost/static/admin/css/base.css" "Mozilla/5.0 (Windows NT 10.0; Win64; x64) AppleWebKit/537.36 (KHTML, like Gecko) Chrome/93.0.4577.63 Safari/537.36"
::1 - - [13/Sep/2021:19:09:04 +0700] "GET /static/admin/fonts/Roboto-Bold-webfont.woff HTTP/1.1" 502 559 "http://localhost/static/admin/css/fonts.css" "Mozilla/5.0 (Windows NT 10.0; Win64; x64) AppleWebKit/537.36 (KHTML, like Gecko) Chrome/93.0.4577.63 Safari/537.36"
::1 - - [13/Sep/2021:19:09:06 +0700] "GET /favicon.ico HTTP/1.1" 502 559 "http://localhost/admin/film/film/" "Mozilla/5.0 (Windows NT 10.0; Win64; x64) AppleWebKit/537.36 (KHTML, like Gecko) Chrome/93.0.4577.63 Safari/537.36"
::1 - - [13/Sep/2021:19:12:31 +0700] "GET /admin/film/film/ HTTP/1.1" 200 10644 "-" "Mozilla/5.0 (Windows NT 10.0; Win64; x64) AppleWebKit/537.36 (KHTML, like Gecko) Chrome/93.0.4577.63 Safari/537.36"
::1 - - [13/Sep/2021:19:12:32 +0700] "GET /admin/jsi18n/ HTTP/1.1" 200 3195 "http://localhost/admin/film/film/" "Mozilla/5.0 (Windows NT 10.0; Win64; x64) AppleWebKit/537.36 (KHTML, like Gecko) Chrome/93.0.4577.63 Safari/537.36"
::1 - - [13/Sep/2021:19:12:33 +0700] "GET /static/admin/css/changelists.css HTTP/1.1" 502 559 "http://localhost/admin/film/film/" "Mozilla/5.0 (Windows NT 10.0; Win64; x64) AppleWebKit/537.36 (KHTML, like Gecko) Chrome/93.0.4577.63 Safari/537.36"
::1 - - [13/Sep/2021:19:12:33 +0700] "GET /static/admin/js/vendor/jquery/jquery.js HTTP/1.1" 502 559 "http://localhost/admin/film/film/" "Mozilla/5.0 (Windows NT 10.0; Win64; x64) AppleWebKit/537.36 (KHTML, like Gecko) Chrome/93.0.4577.63 Safari/537.36"
::1 - - [13/Sep/2021:19:12:33 +0700] "GET /static/admin/js/jquery.init.js HTTP/1.1" 502 559 "http://localhost/admin/film/film/" "Mozilla/5.0 (Windows NT 10.0; Win64; x64) AppleWebKit/537.36 (KHTML, like Gecko) Chrome/93.0.4577.63 Safari/537.36"
::1 - - [13/Sep/2021:19:12:33 +0700] "GET /static/admin/js/urlify.js HTTP/1.1" 502 559 "http://localhost/admin/film/film/" "Mozilla/5.0 (Windows NT 10.0; Win64; x64) AppleWebKit/537.36 (KHTML, like Gecko) Chrome/93.0.4577.63 Safari/537.36"
::1 - - [13/Sep/2021:19:12:34 +0700] "GET /static/admin/js/core.js HTTP/1.1" 502 559 "http://localhost/admin/film/film/" "Mozilla/5.0 (Windows NT 10.0; Win64; x64) AppleWebKit/537.36 (KHTML, like Gecko) Chrome/93.0.4577.63 Safari/537.36"
::1 - - [13/Sep/2021:19:12:34 +0700] "GET /static/admin/js/admin/RelatedObjectLookups.js HTTP/1.1" 502 559 "http://localhost/admin/film/film/" "Mozilla/5.0 (Windows NT 10.0; Win64; x64) AppleWebKit/537.36 (KHTML, like Gecko) Chrome/93.0.4577.63 Safari/537.36"
::1 - - [13/Sep/2021:19:12:36 +0700] "GET /static/admin/js/prepopulate.js HTTP/1.1" 502 559 "http://localhost/admin/film/film/" "Mozilla/5.0 (Windows NT 10.0; Win64; x64) AppleWebKit/537.36 (KHTML, like Gecko) Chrome/93.0.4577.63 Safari/537.36"
::1 - - [13/Sep/2021:19:12:36 +0700] "GET /static/admin/js/actions.js HTTP/1.1" 502 559 "http://localhost/admin/film/film/" "Mozilla/5.0 (Windows NT 10.0; Win64; x64) AppleWebKit/537.36 (KHTML, like Gecko) Chrome/93.0.4577.63 Safari/537.36"
::1 - - [13/Sep/2021:19:12:36 +0700] "GET /static/admin/js/vendor/xregexp/xregexp.js HTTP/1.1" 502 559 "http://localhost/admin/film/film/" "Mozilla/5.0 (Windows NT 10.0; Win64; x64) AppleWebKit/537.36 (KHTML, like Gecko) Chrome/93.0.4577.63 Safari/537.36"
::1 - - [13/Sep/2021:19:12:36 +0700] "GET /static/admin/js/vendor/jquery/jquery.js HTTP/1.1" 502 559 "http://localhost/admin/film/film/" "Mozilla/5.0 (Windows NT 10.0; Win64; x64) AppleWebKit/537.36 (KHTML, like Gecko) Chrome/93.0.4577.63 Safari/537.36"
::1 - - [13/Sep/2021:19:12:38 +0700] "GET /static/rmlogos.png HTTP/1.1" 502 559 "http://localhost/admin/film/film/" "Mozilla/5.0 (Windows NT 10.0; Win64; x64) AppleWebKit/537.36 (KHTML, like Gecko) Chrome/93.0.4577.63 Safari/537.36"
::1 - - [13/Sep/2021:19:12:38 +0700] "GET /static/admin/js/jquery.init.js HTTP/1.1" 502 559 "http://localhost/admin/film/film/" "Mozilla/5.0 (Windows NT 10.0; Win64; x64) AppleWebKit/537.36 (KHTML, like Gecko) Chrome/93.0.4577.63 Safari/537.36"
::1 - - [13/Sep/2021:19:12:38 +0700] "GET /static/admin/img/search.svg HTTP/1.1" 502 559 "http://localhost/admin/film/film/" "Mozilla/5.0 (Windows NT 10.0; Win64; x64) AppleWebKit/537.36 (KHTML, like Gecko) Chrome/93.0.4577.63 Safari/537.36"
::1 - - [13/Sep/2021:19:12:40 +0700] "GET /static/admin/js/core.js HTTP/1.1" 502 559 "http://localhost/admin/film/film/" "Mozilla/5.0 (Windows NT 10.0; Win64; x64) AppleWebKit/537.36 (KHTML, like Gecko) Chrome/93.0.4577.63 Safari/537.36"
::1 - - [13/Sep/2021:19:12:42 +0700] "GET /static/admin/js/admin/RelatedObjectLookups.js HTTP/1.1" 502 559 "http://localhost/admin/film/film/" "Mozilla/5.0 (Windows NT 10.0; Win64; x64) AppleWebKit/537.36 (KHTML, like Gecko) Chrome/93.0.4577.63 Safari/537.36"
::1 - - [13/Sep/2021:19:12:44 +0700] "GET /static/admin/js/actions.js HTTP/1.1" 502 559 "http://localhost/admin/film/film/" "Mozilla/5.0 (Windows NT 10.0; Win64; x64) AppleWebKit/537.36 (KHTML, like Gecko) Chrome/93.0.4577.63 Safari/537.36"
::1 - - [13/Sep/2021:19:12:46 +0700] "GET /static/admin/js/urlify.js HTTP/1.1" 502 559 "http://localhost/admin/film/film/" "Mozilla/5.0 (Windows NT 10.0; Win64; x64) AppleWebKit/537.36 (KHTML, like Gecko) Chrome/93.0.4577.63 Safari/537.36"
::1 - - [13/Sep/2021:19:12:48 +0700] "GET /static/admin/js/prepopulate.js HTTP/1.1" 502 559 "http://localhost/admin/film/film/" "Mozilla/5.0 (Windows NT 10.0; Win64; x64) AppleWebKit/537.36 (KHTML, like Gecko) Chrome/93.0.4577.63 Safari/537.36"
::1 - - [13/Sep/2021:19:12:50 +0700] "GET /static/admin/js/vendor/xregexp/xregexp.js HTTP/1.1" 502 559 "http://localhost/admin/film/film/" "Mozilla/5.0 (Windows NT 10.0; Win64; x64) AppleWebKit/537.36 (KHTML, like Gecko) Chrome/93.0.4577.63 Safari/537.36"
::1 - - [13/Sep/2021:19:12:52 +0700] "GET /static/admin/img/icon-addlink.svg HTTP/1.1" 502 559 "http://localhost/static/admin/css/base.css" "Mozilla/5.0 (Windows NT 10.0; Win64; x64) AppleWebKit/537.36 (KHTML, like Gecko) Chrome/93.0.4577.63 Safari/537.36"
::1 - - [13/Sep/2021:19:12:52 +0700] "GET /static/shp.jpg HTTP/1.1" 502 559 "http://localhost/admin/film/film/" "Mozilla/5.0 (Windows NT 10.0; Win64; x64) AppleWebKit/537.36 (KHTML, like Gecko) Chrome/93.0.4577.63 Safari/537.36"
::1 - - [13/Sep/2021:19:12:52 +0700] "GET /static/admin/img/tooltag-add.svg HTTP/1.1" 502 559 "http://localhost/static/admin/css/base.css" "Mozilla/5.0 (Windows NT 10.0; Win64; x64) AppleWebKit/537.36 (KHTML, like Gecko) Chrome/93.0.4577.63 Safari/537.36"
::1 - - [13/Sep/2021:19:12:52 +0700] "GET /static/admin/fonts/Roboto-Bold-webfont.woff HTTP/1.1" 502 559 "http://localhost/static/admin/css/fonts.css" "Mozilla/5.0 (Windows NT 10.0; Win64; x64) AppleWebKit/537.36 (KHTML, like Gecko) Chrome/93.0.4577.63 Safari/537.36"
::1 - - [13/Sep/2021:19:12:54 +0700] "GET /favicon.ico HTTP/1.1" 502 559 "http://localhost/admin/film/film/" "Mozilla/5.0 (Windows NT 10.0; Win64; x64) AppleWebKit/537.36 (KHTML, like Gecko) Chrome/93.0.4577.63 Safari/537.36"
::1 - - [13/Sep/2021:19:13:40 +0700] "GET /admin/ HTTP/1.1" 200 5306 "http://localhost/admin/film/film/" "Mozilla/5.0 (Windows NT 10.0; Win64; x64) AppleWebKit/537.36 (KHTML, like Gecko) Chrome/93.0.4577.63 Safari/537.36"
::1 - - [13/Sep/2021:19:13:42 +0700] "GET /static/admin/css/dashboard.css HTTP/1.1" 502 559 "http://localhost/admin/" "Mozilla/5.0 (Windows NT 10.0; Win64; x64) AppleWebKit/537.36 (KHTML, like Gecko) Chrome/93.0.4577.63 Safari/537.36"
::1 - - [13/Sep/2021:19:13:44 +0700] "GET /static/admin/img/icon-addlink.svg HTTP/1.1" 502 559 "http://localhost/static/admin/css/base.css" "Mozilla/5.0 (Windows NT 10.0; Win64; x64) AppleWebKit/537.36 (KHTML, like Gecko) Chrome/93.0.4577.63 Safari/537.36"
::1 - - [13/Sep/2021:19:13:44 +0700] "GET /static/admin/img/icon-deletelink.svg HTTP/1.1" 502 559 "http://localhost/static/admin/css/base.css" "Mozilla/5.0 (Windows NT 10.0; Win64; x64) AppleWebKit/537.36 (KHTML, like Gecko) Chrome/93.0.4577.63 Safari/537.36"
::1 - - [13/Sep/2021:19:13:44 +0700] "GET /static/admin/img/icon-changelink.svg HTTP/1.1" 502 559 "http://localhost/static/admin/css/base.css" "Mozilla/5.0 (Windows NT 10.0; Win64; x64) AppleWebKit/537.36 (KHTML, like Gecko) Chrome/93.0.4577.63 Safari/537.36"
::1 - - [13/Sep/2021:19:13:44 +0700] "GET /static/admin/fonts/Roboto-Bold-webfont.woff HTTP/1.1" 502 559 "http://localhost/static/admin/css/fonts.css" "Mozilla/5.0 (Windows NT 10.0; Win64; x64) AppleWebKit/537.36 (KHTML, like Gecko) Chrome/93.0.4577.63 Safari/537.36"
::1 - - [13/Sep/2021:19:13:46 +0700] "GET /favicon.ico HTTP/1.1" 502 559 "http://localhost/admin/" "Mozilla/5.0 (Windows NT 10.0; Win64; x64) AppleWebKit/537.36 (KHTML, like Gecko) Chrome/93.0.4577.63 Safari/537.36"
::1 - - [13/Sep/2021:19:13:50 +0700] "GET /admin/film/film/ HTTP/1.1" 200 10644 "http://localhost/admin/" "Mozilla/5.0 (Windows NT 10.0; Win64; x64) AppleWebKit/537.36 (KHTML, like Gecko) Chrome/93.0.4577.63 Safari/537.36"
::1 - - [13/Sep/2021:19:13:50 +0700] "GET /admin/jsi18n/ HTTP/1.1" 200 3195 "http://localhost/admin/film/film/" "Mozilla/5.0 (Windows NT 10.0; Win64; x64) AppleWebKit/537.36 (KHTML, like Gecko) Chrome/93.0.4577.63 Safari/537.36"
::1 - - [13/Sep/2021:19:13:52 +0700] "GET /static/admin/css/changelists.css HTTP/1.1" 502 559 "http://localhost/admin/film/film/" "Mozilla/5.0 (Windows NT 10.0; Win64; x64) AppleWebKit/537.36 (KHTML, like Gecko) Chrome/93.0.4577.63 Safari/537.36"
::1 - - [13/Sep/2021:19:13:52 +0700] "GET /static/admin/js/jquery.init.js HTTP/1.1" 502 559 "http://localhost/admin/film/film/" "Mozilla/5.0 (Windows NT 10.0; Win64; x64) AppleWebKit/537.36 (KHTML, like Gecko) Chrome/93.0.4577.63 Safari/537.36"
::1 - - [13/Sep/2021:19:13:52 +0700] "GET /static/admin/js/vendor/jquery/jquery.js HTTP/1.1" 502 559 "http://localhost/admin/film/film/" "Mozilla/5.0 (Windows NT 10.0; Win64; x64) AppleWebKit/537.36 (KHTML, like Gecko) Chrome/93.0.4577.63 Safari/537.36"
::1 - - [13/Sep/2021:19:13:52 +0700] "GET /static/admin/js/core.js HTTP/1.1" 502 559 "http://localhost/admin/film/film/" "Mozilla/5.0 (Windows NT 10.0; Win64; x64) AppleWebKit/537.36 (KHTML, like Gecko) Chrome/93.0.4577.63 Safari/537.36"
::1 - - [13/Sep/2021:19:13:52 +0700] "GET /static/admin/js/admin/RelatedObjectLookups.js HTTP/1.1" 502 559 "http://localhost/admin/film/film/" "Mozilla/5.0 (Windows NT 10.0; Win64; x64) AppleWebKit/537.36 (KHTML, like Gecko) Chrome/93.0.4577.63 Safari/537.36"
::1 - - [13/Sep/2021:19:13:52 +0700] "GET /static/admin/js/actions.js HTTP/1.1" 502 559 "http://localhost/admin/film/film/" "Mozilla/5.0 (Windows NT 10.0; Win64; x64) AppleWebKit/537.36 (KHTML, like Gecko) Chrome/93.0.4577.63 Safari/537.36"
::1 - - [13/Sep/2021:19:13:54 +0700] "GET /static/admin/js/urlify.js HTTP/1.1" 502 559 "http://localhost/admin/film/film/" "Mozilla/5.0 (Windows NT 10.0; Win64; x64) AppleWebKit/537.36 (KHTML, like Gecko) Chrome/93.0.4577.63 Safari/537.36"
::1 - - [13/Sep/2021:19:13:54 +0700] "GET /static/admin/js/prepopulate.js HTTP/1.1" 502 559 "http://localhost/admin/film/film/" "Mozilla/5.0 (Windows NT 10.0; Win64; x64) AppleWebKit/537.36 (KHTML, like Gecko) Chrome/93.0.4577.63 Safari/537.36"
::1 - - [13/Sep/2021:19:13:54 +0700] "GET /static/admin/js/vendor/xregexp/xregexp.js HTTP/1.1" 502 559 "http://localhost/admin/film/film/" "Mozilla/5.0 (Windows NT 10.0; Win64; x64) AppleWebKit/537.36 (KHTML, like Gecko) Chrome/93.0.4577.63 Safari/537.36"
::1 - - [13/Sep/2021:19:13:54 +0700] "GET /static/admin/js/jquery.init.js HTTP/1.1" 502 559 "http://localhost/admin/film/film/" "Mozilla/5.0 (Windows NT 10.0; Win64; x64) AppleWebKit/537.36 (KHTML, like Gecko) Chrome/93.0.4577.63 Safari/537.36"
::1 - - [13/Sep/2021:19:13:56 +0700] "GET /static/rmlogos.png HTTP/1.1" 502 559 "http://localhost/admin/film/film/" "Mozilla/5.0 (Windows NT 10.0; Win64; x64) AppleWebKit/537.36 (KHTML, like Gecko) Chrome/93.0.4577.63 Safari/537.36"
::1 - - [13/Sep/2021:19:13:57 +0700] "GET /static/admin/img/search.svg HTTP/1.1" 502 559 "http://localhost/admin/film/film/" "Mozilla/5.0 (Windows NT 10.0; Win64; x64) AppleWebKit/537.36 (KHTML, like Gecko) Chrome/93.0.4577.63 Safari/537.36"
::1 - - [13/Sep/2021:19:13:57 +0700] "GET /static/admin/js/core.js HTTP/1.1" 502 559 "http://localhost/admin/film/film/" "Mozilla/5.0 (Windows NT 10.0; Win64; x64) AppleWebKit/537.36 (KHTML, like Gecko) Chrome/93.0.4577.63 Safari/537.36"
::1 - - [13/Sep/2021:19:13:59 +0700] "GET /static/admin/js/admin/RelatedObjectLookups.js HTTP/1.1" 502 559 "http://localhost/admin/film/film/" "Mozilla/5.0 (Windows NT 10.0; Win64; x64) AppleWebKit/537.36 (KHTML, like Gecko) Chrome/93.0.4577.63 Safari/537.36"
::1 - - [13/Sep/2021:19:14:01 +0700] "GET /static/admin/js/actions.js HTTP/1.1" 502 559 "http://localhost/admin/film/film/" "Mozilla/5.0 (Windows NT 10.0; Win64; x64) AppleWebKit/537.36 (KHTML, like Gecko) Chrome/93.0.4577.63 Safari/537.36"
::1 - - [13/Sep/2021:19:14:03 +0700] "GET /static/admin/js/urlify.js HTTP/1.1" 502 559 "http://localhost/admin/film/film/" "Mozilla/5.0 (Windows NT 10.0; Win64; x64) AppleWebKit/537.36 (KHTML, like Gecko) Chrome/93.0.4577.63 Safari/537.36"
::1 - - [13/Sep/2021:19:14:05 +0700] "GET /static/admin/js/prepopulate.js HTTP/1.1" 502 559 "http://localhost/admin/film/film/" "Mozilla/5.0 (Windows NT 10.0; Win64; x64) AppleWebKit/537.36 (KHTML, like Gecko) Chrome/93.0.4577.63 Safari/537.36"
::1 - - [13/Sep/2021:19:14:07 +0700] "GET /static/admin/js/vendor/xregexp/xregexp.js HTTP/1.1" 502 559 "http://localhost/admin/film/film/" "Mozilla/5.0 (Windows NT 10.0; Win64; x64) AppleWebKit/537.36 (KHTML, like Gecko) Chrome/93.0.4577.63 Safari/537.36"
::1 - - [13/Sep/2021:19:14:09 +0700] "GET /static/admin/img/icon-addlink.svg HTTP/1.1" 502 559 "http://localhost/static/admin/css/base.css" "Mozilla/5.0 (Windows NT 10.0; Win64; x64) AppleWebKit/537.36 (KHTML, like Gecko) Chrome/93.0.4577.63 Safari/537.36"
::1 - - [13/Sep/2021:19:14:09 +0700] "GET /static/shp.jpg HTTP/1.1" 502 559 "http://localhost/admin/film/film/" "Mozilla/5.0 (Windows NT 10.0; Win64; x64) AppleWebKit/537.36 (KHTML, like Gecko) Chrome/93.0.4577.63 Safari/537.36"
::1 - - [13/Sep/2021:19:14:09 +0700] "GET /static/admin/img/tooltag-add.svg HTTP/1.1" 502 559 "http://localhost/static/admin/css/base.css" "Mozilla/5.0 (Windows NT 10.0; Win64; x64) AppleWebKit/537.36 (KHTML, like Gecko) Chrome/93.0.4577.63 Safari/537.36"
::1 - - [13/Sep/2021:19:14:09 +0700] "GET /static/admin/fonts/Roboto-Bold-webfont.woff HTTP/1.1" 502 559 "http://localhost/static/admin/css/fonts.css" "Mozilla/5.0 (Windows NT 10.0; Win64; x64) AppleWebKit/537.36 (KHTML, like Gecko) Chrome/93.0.4577.63 Safari/537.36"
::1 - - [13/Sep/2021:19:14:11 +0700] "GET /favicon.ico HTTP/1.1" 502 559 "http://localhost/admin/film/film/" "Mozilla/5.0 (Windows NT 10.0; Win64; x64) AppleWebKit/537.36 (KHTML, like Gecko) Chrome/93.0.4577.63 Safari/537.36"
::1 - - [13/Sep/2021:19:14:35 +0700] "GET /static/admin/css/changelists.css HTTP/1.1" 502 559 "http://localhost/admin/film/film/" "Mozilla/5.0 (Windows NT 10.0; Win64; x64) AppleWebKit/537.36 (KHTML, like Gecko) Chrome/93.0.4577.63 Safari/537.36"
::1 - - [13/Sep/2021:19:14:56 +0700] "GET /admin/film/film/ HTTP/1.1" 200 10644 "http://localhost/admin/" "Mozilla/5.0 (Windows NT 10.0; Win64; x64) AppleWebKit/537.36 (KHTML, like Gecko) Chrome/93.0.4577.63 Safari/537.36"
::1 - - [13/Sep/2021:19:14:56 +0700] "GET /admin/jsi18n/ HTTP/1.1" 200 3195 "http://localhost/admin/film/film/" "Mozilla/5.0 (Windows NT 10.0; Win64; x64) AppleWebKit/537.36 (KHTML, like Gecko) Chrome/93.0.4577.63 Safari/537.36"
::1 - - [13/Sep/2021:19:14:58 +0700] "GET /static/admin/css/nav_sidebar.css HTTP/1.1" 502 559 "http://localhost/admin/film/film/" "Mozilla/5.0 (Windows NT 10.0; Win64; x64) AppleWebKit/537.36 (KHTML, like Gecko) Chrome/93.0.4577.63 Safari/537.36"
::1 - - [13/Sep/2021:19:14:58 +0700] "GET /static/admin/css/base.css HTTP/1.1" 502 559 "http://localhost/admin/film/film/" "Mozilla/5.0 (Windows NT 10.0; Win64; x64) AppleWebKit/537.36 (KHTML, like Gecko) Chrome/93.0.4577.63 Safari/537.36"
::1 - - [13/Sep/2021:19:14:58 +0700] "GET /static/admin/css/changelists.css HTTP/1.1" 502 559 "http://localhost/admin/film/film/" "Mozilla/5.0 (Windows NT 10.0; Win64; x64) AppleWebKit/537.36 (KHTML, like Gecko) Chrome/93.0.4577.63 Safari/537.36"
::1 - - [13/Sep/2021:19:14:58 +0700] "GET /static/admin/js/vendor/jquery/jquery.js HTTP/1.1" 502 559 "http://localhost/admin/film/film/" "Mozilla/5.0 (Windows NT 10.0; Win64; x64) AppleWebKit/537.36 (KHTML, like Gecko) Chrome/93.0.4577.63 Safari/537.36"
::1 - - [13/Sep/2021:19:14:58 +0700] "GET /static/admin/js/jquery.init.js HTTP/1.1" 502 559 "http://localhost/admin/film/film/" "Mozilla/5.0 (Windows NT 10.0; Win64; x64) AppleWebKit/537.36 (KHTML, like Gecko) Chrome/93.0.4577.63 Safari/537.36"
::1 - - [13/Sep/2021:19:14:58 +0700] "GET /static/admin/css/responsive.css HTTP/1.1" 502 559 "http://localhost/admin/film/film/" "Mozilla/5.0 (Windows NT 10.0; Win64; x64) AppleWebKit/537.36 (KHTML, like Gecko) Chrome/93.0.4577.63 Safari/537.36"
::1 - - [13/Sep/2021:19:15:00 +0700] "GET /static/admin/js/admin/RelatedObjectLookups.js HTTP/1.1" 502 559 "http://localhost/admin/film/film/" "Mozilla/5.0 (Windows NT 10.0; Win64; x64) AppleWebKit/537.36 (KHTML, like Gecko) Chrome/93.0.4577.63 Safari/537.36"
::1 - - [13/Sep/2021:19:15:00 +0700] "GET /static/admin/js/core.js HTTP/1.1" 502 559 "http://localhost/admin/film/film/" "Mozilla/5.0 (Windows NT 10.0; Win64; x64) AppleWebKit/537.36 (KHTML, like Gecko) Chrome/93.0.4577.63 Safari/537.36"
::1 - - [13/Sep/2021:19:15:00 +0700] "GET /static/admin/js/actions.js HTTP/1.1" 502 559 "http://localhost/admin/film/film/" "Mozilla/5.0 (Windows NT 10.0; Win64; x64) AppleWebKit/537.36 (KHTML, like Gecko) Chrome/93.0.4577.63 Safari/537.36"
::1 - - [13/Sep/2021:19:15:00 +0700] "GET /static/admin/js/urlify.js HTTP/1.1" 502 559 "http://localhost/admin/film/film/" "Mozilla/5.0 (Windows NT 10.0; Win64; x64) AppleWebKit/537.36 (KHTML, like Gecko) Chrome/93.0.4577.63 Safari/537.36"
::1 - - [13/Sep/2021:19:15:00 +0700] "GET /static/admin/js/prepopulate.js HTTP/1.1" 502 559 "http://localhost/admin/film/film/" "Mozilla/5.0 (Windows NT 10.0; Win64; x64) AppleWebKit/537.36 (KHTML, like Gecko) Chrome/93.0.4577.63 Safari/537.36"
::1 - - [13/Sep/2021:19:15:00 +0700] "GET /static/admin/js/vendor/xregexp/xregexp.js HTTP/1.1" 502 559 "http://localhost/admin/film/film/" "Mozilla/5.0 (Windows NT 10.0; Win64; x64) AppleWebKit/537.36 (KHTML, like Gecko) Chrome/93.0.4577.63 Safari/537.36"
::1 - - [13/Sep/2021:19:15:02 +0700] "GET /static/admin/js/admin/RelatedObjectLookups.js HTTP/1.1" 502 559 "http://localhost/admin/film/film/" "Mozilla/5.0 (Windows NT 10.0; Win64; x64) AppleWebKit/537.36 (KHTML, like Gecko) Chrome/93.0.4577.63 Safari/537.36"
::1 - - [13/Sep/2021:19:15:02 +0700] "GET /static/admin/js/nav_sidebar.js HTTP/1.1" 502 559 "http://localhost/admin/film/film/" "Mozilla/5.0 (Windows NT 10.0; Win64; x64) AppleWebKit/537.36 (KHTML, like Gecko) Chrome/93.0.4577.63 Safari/537.36"
::1 - - [13/Sep/2021:19:15:04 +0700] "GET /static/rmlogos.png HTTP/1.1" 502 559 "http://localhost/admin/film/film/" "Mozilla/5.0 (Windows NT 10.0; Win64; x64) AppleWebKit/537.36 (KHTML, like Gecko) Chrome/93.0.4577.63 Safari/537.36"
::1 - - [13/Sep/2021:19:15:04 +0700] "GET /static/admin/js/actions.js HTTP/1.1" 502 559 "http://localhost/admin/film/film/" "Mozilla/5.0 (Windows NT 10.0; Win64; x64) AppleWebKit/537.36 (KHTML, like Gecko) Chrome/93.0.4577.63 Safari/537.36"
::1 - - [13/Sep/2021:19:15:06 +0700] "GET /static/admin/img/search.svg HTTP/1.1" 502 559 "http://localhost/admin/film/film/" "Mozilla/5.0 (Windows NT 10.0; Win64; x64) AppleWebKit/537.36 (KHTML, like Gecko) Chrome/93.0.4577.63 Safari/537.36"
::1 - - [13/Sep/2021:19:15:06 +0700] "GET /static/admin/js/urlify.js HTTP/1.1" 502 559 "http://localhost/admin/film/film/" "Mozilla/5.0 (Windows NT 10.0; Win64; x64) AppleWebKit/537.36 (KHTML, like Gecko) Chrome/93.0.4577.63 Safari/537.36"
::1 - - [13/Sep/2021:19:15:08 +0700] "GET /static/admin/js/prepopulate.js HTTP/1.1" 502 559 "http://localhost/admin/film/film/" "Mozilla/5.0 (Windows NT 10.0; Win64; x64) AppleWebKit/537.36 (KHTML, like Gecko) Chrome/93.0.4577.63 Safari/537.36"
::1 - - [13/Sep/2021:19:15:10 +0700] "GET /static/admin/js/vendor/xregexp/xregexp.js HTTP/1.1" 502 559 "http://localhost/admin/film/film/" "Mozilla/5.0 (Windows NT 10.0; Win64; x64) AppleWebKit/537.36 (KHTML, like Gecko) Chrome/93.0.4577.63 Safari/537.36"
::1 - - [13/Sep/2021:19:15:12 +0700] "GET /static/admin/css/responsive.css HTTP/1.1" 502 559 "http://localhost/admin/film/film/" "Mozilla/5.0 (Windows NT 10.0; Win64; x64) AppleWebKit/537.36 (KHTML, like Gecko) Chrome/93.0.4577.63 Safari/537.36"
::1 - - [13/Sep/2021:19:15:13 +0700] "GET /static/shp.jpg HTTP/1.1" 502 559 "http://localhost/admin/film/film/" "Mozilla/5.0 (Windows NT 10.0; Win64; x64) AppleWebKit/537.36 (KHTML, like Gecko) Chrome/93.0.4577.63 Safari/537.36"
::1 - - [13/Sep/2021:19:15:15 +0700] "GET /favicon.ico HTTP/1.1" 502 559 "http://localhost/admin/film/film/" "Mozilla/5.0 (Windows NT 10.0; Win64; x64) AppleWebKit/537.36 (KHTML, like Gecko) Chrome/93.0.4577.63 Safari/537.36"
::1 - - [13/Sep/2021:19:18:56 +0700] "GET /static/admin/js/nav_sidebar.js HTTP/1.1" 502 559 "-" "Mozilla/5.0 (Windows NT 10.0; Win64; x64) AppleWebKit/537.36 (KHTML, like Gecko) Chrome/93.0.4577.63 Safari/537.36"
::1 - - [13/Sep/2021:19:18:59 +0700] "GET /favicon.ico HTTP/1.1" 502 559 "http://localhost/static/admin/js/nav_sidebar.js" "Mozilla/5.0 (Windows NT 10.0; Win64; x64) AppleWebKit/537.36 (KHTML, like Gecko) Chrome/93.0.4577.63 Safari/537.36"
::1 - - [13/Sep/2021:19:19:10 +0700] "GET /admin/js/nav_sidebar.js HTTP/1.1" 404 4855 "-" "Mozilla/5.0 (Windows NT 10.0; Win64; x64) AppleWebKit/537.36 (KHTML, like Gecko) Chrome/93.0.4577.63 Safari/537.36"
::1 - - [13/Sep/2021:19:19:13 +0700] "GET /favicon.ico HTTP/1.1" 502 559 "http://localhost/admin/js/nav_sidebar.js" "Mozilla/5.0 (Windows NT 10.0; Win64; x64) AppleWebKit/537.36 (KHTML, like Gecko) Chrome/93.0.4577.63 Safari/537.36"
::1 - - [13/Sep/2021:19:19:27 +0700] "GET /static/shp.jpg HTTP/1.1" 502 559 "-" "Mozilla/5.0 (Windows NT 10.0; Win64; x64) AppleWebKit/537.36 (KHTML, like Gecko) Chrome/93.0.4577.63 Safari/537.36"
::1 - - [13/Sep/2021:19:19:30 +0700] "GET /favicon.ico HTTP/1.1" 502 559 "http://localhost/static/shp.jpg" "Mozilla/5.0 (Windows NT 10.0; Win64; x64) AppleWebKit/537.36 (KHTML, like Gecko) Chrome/93.0.4577.63 Safari/537.36"
::1 - - [13/Sep/2021:19:19:36 +0700] "GET /admin/static/shp.jpg HTTP/1.1" 404 4846 "-" "Mozilla/5.0 (Windows NT 10.0; Win64; x64) AppleWebKit/537.36 (KHTML, like Gecko) Chrome/93.0.4577.63 Safari/537.36"
::1 - - [13/Sep/2021:19:19:38 +0700] "GET /favicon.ico HTTP/1.1" 502 559 "http://localhost/admin/static/shp.jpg" "Mozilla/5.0 (Windows NT 10.0; Win64; x64) AppleWebKit/537.36 (KHTML, like Gecko) Chrome/93.0.4577.63 Safari/537.36"
::1 - - [13/Sep/2021:19:26:30 +0700] "GET /admin/film/film/ HTTP/1.1" 200 10644 "-" "Mozilla/5.0 (Windows NT 10.0; Win64; x64) AppleWebKit/537.36 (KHTML, like Gecko) Chrome/93.0.4577.63 Safari/537.36"
::1 - - [13/Sep/2021:19:26:31 +0700] "GET /static/admin/css/base.css HTTP/1.1" 200 19513 "http://localhost/admin/film/film/" "Mozilla/5.0 (Windows NT 10.0; Win64; x64) AppleWebKit/537.36 (KHTML, like Gecko) Chrome/93.0.4577.63 Safari/537.36"
::1 - - [13/Sep/2021:19:26:31 +0700] "GET /static/admin/css/nav_sidebar.css HTTP/1.1" 200 2271 "http://localhost/admin/film/film/" "Mozilla/5.0 (Windows NT 10.0; Win64; x64) AppleWebKit/537.36 (KHTML, like Gecko) Chrome/93.0.4577.63 Safari/537.36"
::1 - - [13/Sep/2021:19:26:31 +0700] "GET /static/admin/css/changelists.css HTTP/1.1" 200 6874 "http://localhost/admin/film/film/" "Mozilla/5.0 (Windows NT 10.0; Win64; x64) AppleWebKit/537.36 (KHTML, like Gecko) Chrome/93.0.4577.63 Safari/537.36"
::1 - - [13/Sep/2021:19:26:31 +0700] "GET /admin/jsi18n/ HTTP/1.1" 200 3195 "http://localhost/admin/film/film/" "Mozilla/5.0 (Windows NT 10.0; Win64; x64) AppleWebKit/537.36 (KHTML, like Gecko) Chrome/93.0.4577.63 Safari/537.36"
::1 - - [13/Sep/2021:19:26:31 +0700] "GET /static/admin/js/vendor/jquery/jquery.js HTTP/1.1" 200 287630 "http://localhost/admin/film/film/" "Mozilla/5.0 (Windows NT 10.0; Win64; x64) AppleWebKit/537.36 (KHTML, like Gecko) Chrome/93.0.4577.63 Safari/537.36"
::1 - - [13/Sep/2021:19:26:31 +0700] "GET /static/admin/js/jquery.init.js HTTP/1.1" 200 347 "http://localhost/admin/film/film/" "Mozilla/5.0 (Windows NT 10.0; Win64; x64) AppleWebKit/537.36 (KHTML, like Gecko) Chrome/93.0.4577.63 Safari/537.36"
::1 - - [13/Sep/2021:19:26:31 +0700] "GET /static/admin/css/responsive.css HTTP/1.1" 200 18545 "http://localhost/admin/film/film/" "Mozilla/5.0 (Windows NT 10.0; Win64; x64) AppleWebKit/537.36 (KHTML, like Gecko) Chrome/93.0.4577.63 Safari/537.36"
::1 - - [13/Sep/2021:19:26:31 +0700] "GET /static/admin/js/core.js HTTP/1.1" 200 5698 "http://localhost/admin/film/film/" "Mozilla/5.0 (Windows NT 10.0; Win64; x64) AppleWebKit/537.36 (KHTML, like Gecko) Chrome/93.0.4577.63 Safari/537.36"
::1 - - [13/Sep/2021:19:26:31 +0700] "GET /static/admin/js/admin/RelatedObjectLookups.js HTTP/1.1" 200 5984 "http://localhost/admin/film/film/" "Mozilla/5.0 (Windows NT 10.0; Win64; x64) AppleWebKit/537.36 (KHTML, like Gecko) Chrome/93.0.4577.63 Safari/537.36"
::1 - - [13/Sep/2021:19:26:31 +0700] "GET /static/admin/js/actions.js HTTP/1.1" 200 7664 "http://localhost/admin/film/film/" "Mozilla/5.0 (Windows NT 10.0; Win64; x64) AppleWebKit/537.36 (KHTML, like Gecko) Chrome/93.0.4577.63 Safari/537.36"
::1 - - [13/Sep/2021:19:26:31 +0700] "GET /static/admin/js/urlify.js HTTP/1.1" 200 7902 "http://localhost/admin/film/film/" "Mozilla/5.0 (Windows NT 10.0; Win64; x64) AppleWebKit/537.36 (KHTML, like Gecko) Chrome/93.0.4577.63 Safari/537.36"
::1 - - [13/Sep/2021:19:26:31 +0700] "GET /static/admin/js/prepopulate.js HTTP/1.1" 200 1531 "http://localhost/admin/film/film/" "Mozilla/5.0 (Windows NT 10.0; Win64; x64) AppleWebKit/537.36 (KHTML, like Gecko) Chrome/93.0.4577.63 Safari/537.36"
::1 - - [13/Sep/2021:19:26:31 +0700] "GET /static/admin/js/vendor/xregexp/xregexp.js HTTP/1.1" 200 232381 "http://localhost/admin/film/film/" "Mozilla/5.0 (Windows NT 10.0; Win64; x64) AppleWebKit/537.36 (KHTML, like Gecko) Chrome/93.0.4577.63 Safari/537.36"
::1 - - [13/Sep/2021:19:26:32 +0700] "GET /static/admin/css/fonts.css HTTP/1.1" 200 423 "http://localhost/static/admin/css/base.css" "Mozilla/5.0 (Windows NT 10.0; Win64; x64) AppleWebKit/537.36 (KHTML, like Gecko) Chrome/93.0.4577.63 Safari/537.36"
::1 - - [13/Sep/2021:19:26:32 +0700] "GET /static/admin/js/nav_sidebar.js HTTP/1.1" 200 1360 "http://localhost/admin/film/film/" "Mozilla/5.0 (Windows NT 10.0; Win64; x64) AppleWebKit/537.36 (KHTML, like Gecko) Chrome/93.0.4577.63 Safari/537.36"
::1 - - [13/Sep/2021:19:26:32 +0700] "GET /static/rmlogos.png HTTP/1.1" 404 1804 "http://localhost/admin/film/film/" "Mozilla/5.0 (Windows NT 10.0; Win64; x64) AppleWebKit/537.36 (KHTML, like Gecko) Chrome/93.0.4577.63 Safari/537.36"
::1 - - [13/Sep/2021:19:26:32 +0700] "GET /static/admin/img/search.svg HTTP/1.1" 200 458 "http://localhost/admin/film/film/" "Mozilla/5.0 (Windows NT 10.0; Win64; x64) AppleWebKit/537.36 (KHTML, like Gecko) Chrome/93.0.4577.63 Safari/537.36"
::1 - - [13/Sep/2021:19:26:32 +0700] "GET /static/admin/img/icon-addlink.svg HTTP/1.1" 200 331 "http://localhost/static/admin/css/base.css" "Mozilla/5.0 (Windows NT 10.0; Win64; x64) AppleWebKit/537.36 (KHTML, like Gecko) Chrome/93.0.4577.63 Safari/537.36"
::1 - - [13/Sep/2021:19:26:32 +0700] "GET /static/shp.jpg HTTP/1.1" 200 26243 "http://localhost/admin/film/film/" "Mozilla/5.0 (Windows NT 10.0; Win64; x64) AppleWebKit/537.36 (KHTML, like Gecko) Chrome/93.0.4577.63 Safari/537.36"
::1 - - [13/Sep/2021:19:26:32 +0700] "GET /static/admin/fonts/Roboto-Regular-webfont.woff HTTP/1.1" 200 85876 "http://localhost/static/admin/css/fonts.css" "Mozilla/5.0 (Windows NT 10.0; Win64; x64) AppleWebKit/537.36 (KHTML, like Gecko) Chrome/93.0.4577.63 Safari/537.36"
::1 - - [13/Sep/2021:19:26:32 +0700] "GET /static/admin/fonts/Roboto-Light-webfont.woff HTTP/1.1" 200 85692 "http://localhost/static/admin/css/fonts.css" "Mozilla/5.0 (Windows NT 10.0; Win64; x64) AppleWebKit/537.36 (KHTML, like Gecko) Chrome/93.0.4577.63 Safari/537.36"
::1 - - [13/Sep/2021:19:26:32 +0700] "GET /static/admin/fonts/Roboto-Bold-webfont.woff HTTP/1.1" 200 86184 "http://localhost/static/admin/css/fonts.css" "Mozilla/5.0 (Windows NT 10.0; Win64; x64) AppleWebKit/537.36 (KHTML, like Gecko) Chrome/93.0.4577.63 Safari/537.36"
::1 - - [13/Sep/2021:19:26:33 +0700] "GET /static/admin/img/tooltag-add.svg HTTP/1.1" 200 331 "http://localhost/static/admin/css/base.css" "Mozilla/5.0 (Windows NT 10.0; Win64; x64) AppleWebKit/537.36 (KHTML, like Gecko) Chrome/93.0.4577.63 Safari/537.36"
::1 - - [13/Sep/2021:19:26:36 +0700] "GET /favicon.ico HTTP/1.1" 502 559 "http://localhost/admin/film/film/" "Mozilla/5.0 (Windows NT 10.0; Win64; x64) AppleWebKit/537.36 (KHTML, like Gecko) Chrome/93.0.4577.63 Safari/537.36"
::1 - - [13/Sep/2021:19:26:43 +0700] "GET /admin/film/ HTTP/1.1" 200 3564 "http://localhost/admin/film/film/" "Mozilla/5.0 (Windows NT 10.0; Win64; x64) AppleWebKit/537.36 (KHTML, like Gecko) Chrome/93.0.4577.63 Safari/537.36"
::1 - - [13/Sep/2021:19:26:43 +0700] "GET /static/admin/css/base.css HTTP/1.1" 200 19513 "http://localhost/admin/film/" "Mozilla/5.0 (Windows NT 10.0; Win64; x64) AppleWebKit/537.36 (KHTML, like Gecko) Chrome/93.0.4577.63 Safari/537.36"
::1 - - [13/Sep/2021:19:26:43 +0700] "GET /static/admin/css/nav_sidebar.css HTTP/1.1" 200 2271 "http://localhost/admin/film/" "Mozilla/5.0 (Windows NT 10.0; Win64; x64) AppleWebKit/537.36 (KHTML, like Gecko) Chrome/93.0.4577.63 Safari/537.36"
::1 - - [13/Sep/2021:19:26:43 +0700] "GET /static/admin/css/dashboard.css HTTP/1.1" 200 380 "http://localhost/admin/film/" "Mozilla/5.0 (Windows NT 10.0; Win64; x64) AppleWebKit/537.36 (KHTML, like Gecko) Chrome/93.0.4577.63 Safari/537.36"
::1 - - [13/Sep/2021:19:26:43 +0700] "GET /static/admin/css/responsive.css HTTP/1.1" 200 18545 "http://localhost/admin/film/" "Mozilla/5.0 (Windows NT 10.0; Win64; x64) AppleWebKit/537.36 (KHTML, like Gecko) Chrome/93.0.4577.63 Safari/537.36"
::1 - - [13/Sep/2021:19:26:44 +0700] "GET /static/admin/css/fonts.css HTTP/1.1" 200 423 "http://localhost/static/admin/css/base.css" "Mozilla/5.0 (Windows NT 10.0; Win64; x64) AppleWebKit/537.36 (KHTML, like Gecko) Chrome/93.0.4577.63 Safari/537.36"
::1 - - [13/Sep/2021:19:26:44 +0700] "GET /static/admin/js/nav_sidebar.js HTTP/1.1" 200 1360 "http://localhost/admin/film/" "Mozilla/5.0 (Windows NT 10.0; Win64; x64) AppleWebKit/537.36 (KHTML, like Gecko) Chrome/93.0.4577.63 Safari/537.36"
::1 - - [13/Sep/2021:19:26:44 +0700] "GET /static/admin/img/icon-addlink.svg HTTP/1.1" 200 331 "http://localhost/static/admin/css/base.css" "Mozilla/5.0 (Windows NT 10.0; Win64; x64) AppleWebKit/537.36 (KHTML, like Gecko) Chrome/93.0.4577.63 Safari/537.36"
::1 - - [13/Sep/2021:19:26:44 +0700] "GET /static/admin/img/icon-changelink.svg HTTP/1.1" 200 380 "http://localhost/static/admin/css/base.css" "Mozilla/5.0 (Windows NT 10.0; Win64; x64) AppleWebKit/537.36 (KHTML, like Gecko) Chrome/93.0.4577.63 Safari/537.36"
::1 - - [13/Sep/2021:19:26:44 +0700] "GET /static/admin/fonts/Roboto-Light-webfont.woff HTTP/1.1" 200 85692 "http://localhost/static/admin/css/fonts.css" "Mozilla/5.0 (Windows NT 10.0; Win64; x64) AppleWebKit/537.36 (KHTML, like Gecko) Chrome/93.0.4577.63 Safari/537.36"
::1 - - [13/Sep/2021:19:26:44 +0700] "GET /static/admin/fonts/Roboto-Bold-webfont.woff HTTP/1.1" 200 86184 "http://localhost/static/admin/css/fonts.css" "Mozilla/5.0 (Windows NT 10.0; Win64; x64) AppleWebKit/537.36 (KHTML, like Gecko) Chrome/93.0.4577.63 Safari/537.36"
::1 - - [13/Sep/2021:19:26:44 +0700] "GET /static/admin/fonts/Roboto-Regular-webfont.woff HTTP/1.1" 200 85876 "http://localhost/static/admin/css/fonts.css" "Mozilla/5.0 (Windows NT 10.0; Win64; x64) AppleWebKit/537.36 (KHTML, like Gecko) Chrome/93.0.4577.63 Safari/537.36"
::1 - - [13/Sep/2021:19:26:47 +0700] "GET /favicon.ico HTTP/1.1" 502 559 "http://localhost/admin/film/" "Mozilla/5.0 (Windows NT 10.0; Win64; x64) AppleWebKit/537.36 (KHTML, like Gecko) Chrome/93.0.4577.63 Safari/537.36"
::1 - - [13/Sep/2021:19:26:48 +0700] "GET /admin/film/film/ HTTP/1.1" 200 10644 "http://localhost/admin/film/" "Mozilla/5.0 (Windows NT 10.0; Win64; x64) AppleWebKit/537.36 (KHTML, like Gecko) Chrome/93.0.4577.63 Safari/537.36"
::1 - - [13/Sep/2021:19:26:48 +0700] "GET /static/admin/css/base.css HTTP/1.1" 200 19513 "http://localhost/admin/film/film/" "Mozilla/5.0 (Windows NT 10.0; Win64; x64) AppleWebKit/537.36 (KHTML, like Gecko) Chrome/93.0.4577.63 Safari/537.36"
::1 - - [13/Sep/2021:19:26:48 +0700] "GET /static/admin/css/nav_sidebar.css HTTP/1.1" 200 2271 "http://localhost/admin/film/film/" "Mozilla/5.0 (Windows NT 10.0; Win64; x64) AppleWebKit/537.36 (KHTML, like Gecko) Chrome/93.0.4577.63 Safari/537.36"
::1 - - [13/Sep/2021:19:26:48 +0700] "GET /static/admin/css/changelists.css HTTP/1.1" 200 6874 "http://localhost/admin/film/film/" "Mozilla/5.0 (Windows NT 10.0; Win64; x64) AppleWebKit/537.36 (KHTML, like Gecko) Chrome/93.0.4577.63 Safari/537.36"
::1 - - [13/Sep/2021:19:26:48 +0700] "GET /static/admin/js/vendor/jquery/jquery.js HTTP/1.1" 200 287630 "http://localhost/admin/film/film/" "Mozilla/5.0 (Windows NT 10.0; Win64; x64) AppleWebKit/537.36 (KHTML, like Gecko) Chrome/93.0.4577.63 Safari/537.36"
::1 - - [13/Sep/2021:19:26:48 +0700] "GET /admin/jsi18n/ HTTP/1.1" 200 3195 "http://localhost/admin/film/film/" "Mozilla/5.0 (Windows NT 10.0; Win64; x64) AppleWebKit/537.36 (KHTML, like Gecko) Chrome/93.0.4577.63 Safari/537.36"
::1 - - [13/Sep/2021:19:26:48 +0700] "GET /static/admin/js/jquery.init.js HTTP/1.1" 200 347 "http://localhost/admin/film/film/" "Mozilla/5.0 (Windows NT 10.0; Win64; x64) AppleWebKit/537.36 (KHTML, like Gecko) Chrome/93.0.4577.63 Safari/537.36"
::1 - - [13/Sep/2021:19:26:48 +0700] "GET /static/admin/css/responsive.css HTTP/1.1" 200 18545 "http://localhost/admin/film/film/" "Mozilla/5.0 (Windows NT 10.0; Win64; x64) AppleWebKit/537.36 (KHTML, like Gecko) Chrome/93.0.4577.63 Safari/537.36"
::1 - - [13/Sep/2021:19:26:48 +0700] "GET /static/admin/js/core.js HTTP/1.1" 200 5698 "http://localhost/admin/film/film/" "Mozilla/5.0 (Windows NT 10.0; Win64; x64) AppleWebKit/537.36 (KHTML, like Gecko) Chrome/93.0.4577.63 Safari/537.36"
::1 - - [13/Sep/2021:19:26:48 +0700] "GET /static/admin/js/admin/RelatedObjectLookups.js HTTP/1.1" 200 5984 "http://localhost/admin/film/film/" "Mozilla/5.0 (Windows NT 10.0; Win64; x64) AppleWebKit/537.36 (KHTML, like Gecko) Chrome/93.0.4577.63 Safari/537.36"
::1 - - [13/Sep/2021:19:26:49 +0700] "GET /static/admin/js/actions.js HTTP/1.1" 200 7664 "http://localhost/admin/film/film/" "Mozilla/5.0 (Windows NT 10.0; Win64; x64) AppleWebKit/537.36 (KHTML, like Gecko) Chrome/93.0.4577.63 Safari/537.36"
::1 - - [13/Sep/2021:19:26:49 +0700] "GET /static/admin/js/urlify.js HTTP/1.1" 200 7902 "http://localhost/admin/film/film/" "Mozilla/5.0 (Windows NT 10.0; Win64; x64) AppleWebKit/537.36 (KHTML, like Gecko) Chrome/93.0.4577.63 Safari/537.36"
::1 - - [13/Sep/2021:19:26:49 +0700] "GET /static/admin/js/prepopulate.js HTTP/1.1" 200 1531 "http://localhost/admin/film/film/" "Mozilla/5.0 (Windows NT 10.0; Win64; x64) AppleWebKit/537.36 (KHTML, like Gecko) Chrome/93.0.4577.63 Safari/537.36"
::1 - - [13/Sep/2021:19:26:49 +0700] "GET /static/admin/js/vendor/xregexp/xregexp.js HTTP/1.1" 200 232381 "http://localhost/admin/film/film/" "Mozilla/5.0 (Windows NT 10.0; Win64; x64) AppleWebKit/537.36 (KHTML, like Gecko) Chrome/93.0.4577.63 Safari/537.36"
::1 - - [13/Sep/2021:19:26:49 +0700] "GET /static/admin/css/fonts.css HTTP/1.1" 200 423 "http://localhost/static/admin/css/base.css" "Mozilla/5.0 (Windows NT 10.0; Win64; x64) AppleWebKit/537.36 (KHTML, like Gecko) Chrome/93.0.4577.63 Safari/537.36"
::1 - - [13/Sep/2021:19:26:49 +0700] "GET /static/admin/js/nav_sidebar.js HTTP/1.1" 200 1360 "http://localhost/admin/film/film/" "Mozilla/5.0 (Windows NT 10.0; Win64; x64) AppleWebKit/537.36 (KHTML, like Gecko) Chrome/93.0.4577.63 Safari/537.36"
::1 - - [13/Sep/2021:19:26:50 +0700] "GET /static/admin/img/search.svg HTTP/1.1" 200 458 "http://localhost/admin/film/film/" "Mozilla/5.0 (Windows NT 10.0; Win64; x64) AppleWebKit/537.36 (KHTML, like Gecko) Chrome/93.0.4577.63 Safari/537.36"
::1 - - [13/Sep/2021:19:26:50 +0700] "GET /static/rmlogos.png HTTP/1.1" 404 1804 "http://localhost/admin/film/film/" "Mozilla/5.0 (Windows NT 10.0; Win64; x64) AppleWebKit/537.36 (KHTML, like Gecko) Chrome/93.0.4577.63 Safari/537.36"
::1 - - [13/Sep/2021:19:26:50 +0700] "GET /static/admin/img/icon-addlink.svg HTTP/1.1" 200 331 "http://localhost/static/admin/css/base.css" "Mozilla/5.0 (Windows NT 10.0; Win64; x64) AppleWebKit/537.36 (KHTML, like Gecko) Chrome/93.0.4577.63 Safari/537.36"
::1 - - [13/Sep/2021:19:26:50 +0700] "GET /static/shp.jpg HTTP/1.1" 200 26243 "http://localhost/admin/film/film/" "Mozilla/5.0 (Windows NT 10.0; Win64; x64) AppleWebKit/537.36 (KHTML, like Gecko) Chrome/93.0.4577.63 Safari/537.36"
::1 - - [13/Sep/2021:19:26:50 +0700] "GET /static/admin/fonts/Roboto-Regular-webfont.woff HTTP/1.1" 200 85876 "http://localhost/static/admin/css/fonts.css" "Mozilla/5.0 (Windows NT 10.0; Win64; x64) AppleWebKit/537.36 (KHTML, like Gecko) Chrome/93.0.4577.63 Safari/537.36"
::1 - - [13/Sep/2021:19:26:50 +0700] "GET /static/admin/fonts/Roboto-Light-webfont.woff HTTP/1.1" 200 85692 "http://localhost/static/admin/css/fonts.css" "Mozilla/5.0 (Windows NT 10.0; Win64; x64) AppleWebKit/537.36 (KHTML, like Gecko) Chrome/93.0.4577.63 Safari/537.36"
::1 - - [13/Sep/2021:19:26:50 +0700] "GET /static/admin/fonts/Roboto-Bold-webfont.woff HTTP/1.1" 200 86184 "http://localhost/static/admin/css/fonts.css" "Mozilla/5.0 (Windows NT 10.0; Win64; x64) AppleWebKit/537.36 (KHTML, like Gecko) Chrome/93.0.4577.63 Safari/537.36"
::1 - - [13/Sep/2021:19:26:50 +0700] "GET /static/admin/img/tooltag-add.svg HTTP/1.1" 200 331 "http://localhost/static/admin/css/base.css" "Mozilla/5.0 (Windows NT 10.0; Win64; x64) AppleWebKit/537.36 (KHTML, like Gecko) Chrome/93.0.4577.63 Safari/537.36"
::1 - - [13/Sep/2021:19:26:53 +0700] "GET /favicon.ico HTTP/1.1" 502 559 "http://localhost/admin/film/film/" "Mozilla/5.0 (Windows NT 10.0; Win64; x64) AppleWebKit/537.36 (KHTML, like Gecko) Chrome/93.0.4577.63 Safari/537.36"
::1 - - [13/Sep/2021:19:27:36 +0700] "GET /admin/film/film/ HTTP/1.1" 200 10636 "-" "Mozilla/5.0 (Windows NT 10.0; Win64; x64) AppleWebKit/537.36 (KHTML, like Gecko) Chrome/93.0.4577.63 Safari/537.36"
::1 - - [13/Sep/2021:19:27:36 +0700] "GET /static/admin/css/base.css HTTP/1.1" 200 19513 "http://localhost/admin/film/film/" "Mozilla/5.0 (Windows NT 10.0; Win64; x64) AppleWebKit/537.36 (KHTML, like Gecko) Chrome/93.0.4577.63 Safari/537.36"
::1 - - [13/Sep/2021:19:27:36 +0700] "GET /static/admin/css/nav_sidebar.css HTTP/1.1" 200 2271 "http://localhost/admin/film/film/" "Mozilla/5.0 (Windows NT 10.0; Win64; x64) AppleWebKit/537.36 (KHTML, like Gecko) Chrome/93.0.4577.63 Safari/537.36"
::1 - - [13/Sep/2021:19:27:36 +0700] "GET /static/admin/css/changelists.css HTTP/1.1" 200 6874 "http://localhost/admin/film/film/" "Mozilla/5.0 (Windows NT 10.0; Win64; x64) AppleWebKit/537.36 (KHTML, like Gecko) Chrome/93.0.4577.63 Safari/537.36"
::1 - - [13/Sep/2021:19:27:36 +0700] "GET /admin/jsi18n/ HTTP/1.1" 200 3195 "http://localhost/admin/film/film/" "Mozilla/5.0 (Windows NT 10.0; Win64; x64) AppleWebKit/537.36 (KHTML, like Gecko) Chrome/93.0.4577.63 Safari/537.36"
::1 - - [13/Sep/2021:19:27:37 +0700] "GET /static/admin/js/jquery.init.js HTTP/1.1" 200 347 "http://localhost/admin/film/film/" "Mozilla/5.0 (Windows NT 10.0; Win64; x64) AppleWebKit/537.36 (KHTML, like Gecko) Chrome/93.0.4577.63 Safari/537.36"
::1 - - [13/Sep/2021:19:27:37 +0700] "GET /static/admin/css/responsive.css HTTP/1.1" 200 18545 "http://localhost/admin/film/film/" "Mozilla/5.0 (Windows NT 10.0; Win64; x64) AppleWebKit/537.36 (KHTML, like Gecko) Chrome/93.0.4577.63 Safari/537.36"
::1 - - [13/Sep/2021:19:27:37 +0700] "GET /static/admin/js/vendor/jquery/jquery.js HTTP/1.1" 200 287630 "http://localhost/admin/film/film/" "Mozilla/5.0 (Windows NT 10.0; Win64; x64) AppleWebKit/537.36 (KHTML, like Gecko) Chrome/93.0.4577.63 Safari/537.36"
::1 - - [13/Sep/2021:19:27:37 +0700] "GET /static/admin/js/core.js HTTP/1.1" 200 5698 "http://localhost/admin/film/film/" "Mozilla/5.0 (Windows NT 10.0; Win64; x64) AppleWebKit/537.36 (KHTML, like Gecko) Chrome/93.0.4577.63 Safari/537.36"
::1 - - [13/Sep/2021:19:27:37 +0700] "GET /static/admin/js/admin/RelatedObjectLookups.js HTTP/1.1" 200 5984 "http://localhost/admin/film/film/" "Mozilla/5.0 (Windows NT 10.0; Win64; x64) AppleWebKit/537.36 (KHTML, like Gecko) Chrome/93.0.4577.63 Safari/537.36"
::1 - - [13/Sep/2021:19:27:37 +0700] "GET /static/admin/js/actions.js HTTP/1.1" 200 7664 "http://localhost/admin/film/film/" "Mozilla/5.0 (Windows NT 10.0; Win64; x64) AppleWebKit/537.36 (KHTML, like Gecko) Chrome/93.0.4577.63 Safari/537.36"
::1 - - [13/Sep/2021:19:27:37 +0700] "GET /static/admin/js/prepopulate.js HTTP/1.1" 200 1531 "http://localhost/admin/film/film/" "Mozilla/5.0 (Windows NT 10.0; Win64; x64) AppleWebKit/537.36 (KHTML, like Gecko) Chrome/93.0.4577.63 Safari/537.36"
::1 - - [13/Sep/2021:19:27:37 +0700] "GET /static/admin/js/urlify.js HTTP/1.1" 200 7902 "http://localhost/admin/film/film/" "Mozilla/5.0 (Windows NT 10.0; Win64; x64) AppleWebKit/537.36 (KHTML, like Gecko) Chrome/93.0.4577.63 Safari/537.36"
::1 - - [13/Sep/2021:19:27:37 +0700] "GET /static/admin/js/vendor/xregexp/xregexp.js HTTP/1.1" 200 232381 "http://localhost/admin/film/film/" "Mozilla/5.0 (Windows NT 10.0; Win64; x64) AppleWebKit/537.36 (KHTML, like Gecko) Chrome/93.0.4577.63 Safari/537.36"
::1 - - [13/Sep/2021:19:27:37 +0700] "GET /static/admin/css/fonts.css HTTP/1.1" 200 423 "http://localhost/static/admin/css/base.css" "Mozilla/5.0 (Windows NT 10.0; Win64; x64) AppleWebKit/537.36 (KHTML, like Gecko) Chrome/93.0.4577.63 Safari/537.36"
::1 - - [13/Sep/2021:19:27:38 +0700] "GET /static/admin/js/nav_sidebar.js HTTP/1.1" 200 1360 "http://localhost/admin/film/film/" "Mozilla/5.0 (Windows NT 10.0; Win64; x64) AppleWebKit/537.36 (KHTML, like Gecko) Chrome/93.0.4577.63 Safari/537.36"
::1 - - [13/Sep/2021:19:27:38 +0700] "GET /admin/film/film/rmlogos.png HTTP/1.1" 301 0 "http://localhost/admin/film/film/" "Mozilla/5.0 (Windows NT 10.0; Win64; x64) AppleWebKit/537.36 (KHTML, like Gecko) Chrome/93.0.4577.63 Safari/537.36"
::1 - - [13/Sep/2021:19:27:38 +0700] "GET /static/admin/img/search.svg HTTP/1.1" 200 458 "http://localhost/admin/film/film/" "Mozilla/5.0 (Windows NT 10.0; Win64; x64) AppleWebKit/537.36 (KHTML, like Gecko) Chrome/93.0.4577.63 Safari/537.36"
::1 - - [13/Sep/2021:19:27:38 +0700] "GET /static/admin/img/icon-addlink.svg HTTP/1.1" 200 331 "http://localhost/static/admin/css/base.css" "Mozilla/5.0 (Windows NT 10.0; Win64; x64) AppleWebKit/537.36 (KHTML, like Gecko) Chrome/93.0.4577.63 Safari/537.36"
::1 - - [13/Sep/2021:19:27:38 +0700] "GET /static/shp.jpg HTTP/1.1" 200 26243 "http://localhost/admin/film/film/" "Mozilla/5.0 (Windows NT 10.0; Win64; x64) AppleWebKit/537.36 (KHTML, like Gecko) Chrome/93.0.4577.63 Safari/537.36"
::1 - - [13/Sep/2021:19:27:38 +0700] "GET /static/admin/fonts/Roboto-Regular-webfont.woff HTTP/1.1" 200 85876 "http://localhost/static/admin/css/fonts.css" "Mozilla/5.0 (Windows NT 10.0; Win64; x64) AppleWebKit/537.36 (KHTML, like Gecko) Chrome/93.0.4577.63 Safari/537.36"
::1 - - [13/Sep/2021:19:27:38 +0700] "GET /static/admin/fonts/Roboto-Light-webfont.woff HTTP/1.1" 200 85692 "http://localhost/static/admin/css/fonts.css" "Mozilla/5.0 (Windows NT 10.0; Win64; x64) AppleWebKit/537.36 (KHTML, like Gecko) Chrome/93.0.4577.63 Safari/537.36"
::1 - - [13/Sep/2021:19:27:38 +0700] "GET /static/admin/fonts/Roboto-Bold-webfont.woff HTTP/1.1" 200 86184 "http://localhost/static/admin/css/fonts.css" "Mozilla/5.0 (Windows NT 10.0; Win64; x64) AppleWebKit/537.36 (KHTML, like Gecko) Chrome/93.0.4577.63 Safari/537.36"
::1 - - [13/Sep/2021:19:27:39 +0700] "GET /static/admin/img/tooltag-add.svg HTTP/1.1" 200 331 "http://localhost/static/admin/css/base.css" "Mozilla/5.0 (Windows NT 10.0; Win64; x64) AppleWebKit/537.36 (KHTML, like Gecko) Chrome/93.0.4577.63 Safari/537.36"
::1 - - [13/Sep/2021:19:27:39 +0700] "GET /admin/film/film/rmlogos.png/ HTTP/1.1" 302 0 "http://localhost/admin/film/film/" "Mozilla/5.0 (Windows NT 10.0; Win64; x64) AppleWebKit/537.36 (KHTML, like Gecko) Chrome/93.0.4577.63 Safari/537.36"
::1 - - [13/Sep/2021:19:27:39 +0700] "GET /admin/film/film/rmlogos.png/change/ HTTP/1.1" 302 0 "http://localhost/admin/film/film/" "Mozilla/5.0 (Windows NT 10.0; Win64; x64) AppleWebKit/537.36 (KHTML, like Gecko) Chrome/93.0.4577.63 Safari/537.36"
::1 - - [13/Sep/2021:19:27:39 +0700] "GET /admin/ HTTP/1.1" 200 5483 "http://localhost/admin/film/film/" "Mozilla/5.0 (Windows NT 10.0; Win64; x64) AppleWebKit/537.36 (KHTML, like Gecko) Chrome/93.0.4577.63 Safari/537.36"
::1 - - [13/Sep/2021:19:27:42 +0700] "GET /favicon.ico HTTP/1.1" 502 559 "http://localhost/admin/film/film/" "Mozilla/5.0 (Windows NT 10.0; Win64; x64) AppleWebKit/537.36 (KHTML, like Gecko) Chrome/93.0.4577.63 Safari/537.36"
::1 - - [13/Sep/2021:19:29:09 +0700] "GET /admin/film/film/ HTTP/1.1" 200 10644 "-" "Mozilla/5.0 (Windows NT 10.0; Win64; x64) AppleWebKit/537.36 (KHTML, like Gecko) Chrome/93.0.4577.63 Safari/537.36"
::1 - - [13/Sep/2021:19:29:09 +0700] "GET /static/admin/css/base.css HTTP/1.1" 200 19513 "http://localhost/admin/film/film/" "Mozilla/5.0 (Windows NT 10.0; Win64; x64) AppleWebKit/537.36 (KHTML, like Gecko) Chrome/93.0.4577.63 Safari/537.36"
::1 - - [13/Sep/2021:19:29:09 +0700] "GET /static/admin/css/nav_sidebar.css HTTP/1.1" 200 2271 "http://localhost/admin/film/film/" "Mozilla/5.0 (Windows NT 10.0; Win64; x64) AppleWebKit/537.36 (KHTML, like Gecko) Chrome/93.0.4577.63 Safari/537.36"
::1 - - [13/Sep/2021:19:29:09 +0700] "GET /static/admin/css/changelists.css HTTP/1.1" 200 6874 "http://localhost/admin/film/film/" "Mozilla/5.0 (Windows NT 10.0; Win64; x64) AppleWebKit/537.36 (KHTML, like Gecko) Chrome/93.0.4577.63 Safari/537.36"
::1 - - [13/Sep/2021:19:29:09 +0700] "GET /static/admin/js/vendor/jquery/jquery.js HTTP/1.1" 200 287630 "http://localhost/admin/film/film/" "Mozilla/5.0 (Windows NT 10.0; Win64; x64) AppleWebKit/537.36 (KHTML, like Gecko) Chrome/93.0.4577.63 Safari/537.36"
::1 - - [13/Sep/2021:19:29:09 +0700] "GET /admin/jsi18n/ HTTP/1.1" 200 3195 "http://localhost/admin/film/film/" "Mozilla/5.0 (Windows NT 10.0; Win64; x64) AppleWebKit/537.36 (KHTML, like Gecko) Chrome/93.0.4577.63 Safari/537.36"
::1 - - [13/Sep/2021:19:29:09 +0700] "GET /static/admin/js/jquery.init.js HTTP/1.1" 200 347 "http://localhost/admin/film/film/" "Mozilla/5.0 (Windows NT 10.0; Win64; x64) AppleWebKit/537.36 (KHTML, like Gecko) Chrome/93.0.4577.63 Safari/537.36"
::1 - - [13/Sep/2021:19:29:09 +0700] "GET /static/admin/css/responsive.css HTTP/1.1" 200 18545 "http://localhost/admin/film/film/" "Mozilla/5.0 (Windows NT 10.0; Win64; x64) AppleWebKit/537.36 (KHTML, like Gecko) Chrome/93.0.4577.63 Safari/537.36"
::1 - - [13/Sep/2021:19:29:09 +0700] "GET /static/admin/js/core.js HTTP/1.1" 200 5698 "http://localhost/admin/film/film/" "Mozilla/5.0 (Windows NT 10.0; Win64; x64) AppleWebKit/537.36 (KHTML, like Gecko) Chrome/93.0.4577.63 Safari/537.36"
::1 - - [13/Sep/2021:19:29:09 +0700] "GET /static/admin/js/admin/RelatedObjectLookups.js HTTP/1.1" 200 5984 "http://localhost/admin/film/film/" "Mozilla/5.0 (Windows NT 10.0; Win64; x64) AppleWebKit/537.36 (KHTML, like Gecko) Chrome/93.0.4577.63 Safari/537.36"
::1 - - [13/Sep/2021:19:29:09 +0700] "GET /static/admin/js/actions.js HTTP/1.1" 200 7664 "http://localhost/admin/film/film/" "Mozilla/5.0 (Windows NT 10.0; Win64; x64) AppleWebKit/537.36 (KHTML, like Gecko) Chrome/93.0.4577.63 Safari/537.36"
::1 - - [13/Sep/2021:19:29:10 +0700] "GET /static/admin/js/prepopulate.js HTTP/1.1" 200 1531 "http://localhost/admin/film/film/" "Mozilla/5.0 (Windows NT 10.0; Win64; x64) AppleWebKit/537.36 (KHTML, like Gecko) Chrome/93.0.4577.63 Safari/537.36"
::1 - - [13/Sep/2021:19:29:10 +0700] "GET /static/admin/js/urlify.js HTTP/1.1" 200 7902 "http://localhost/admin/film/film/" "Mozilla/5.0 (Windows NT 10.0; Win64; x64) AppleWebKit/537.36 (KHTML, like Gecko) Chrome/93.0.4577.63 Safari/537.36"
::1 - - [13/Sep/2021:19:29:10 +0700] "GET /static/admin/js/vendor/xregexp/xregexp.js HTTP/1.1" 200 232381 "http://localhost/admin/film/film/" "Mozilla/5.0 (Windows NT 10.0; Win64; x64) AppleWebKit/537.36 (KHTML, like Gecko) Chrome/93.0.4577.63 Safari/537.36"
::1 - - [13/Sep/2021:19:29:10 +0700] "GET /static/admin/css/fonts.css HTTP/1.1" 200 423 "http://localhost/static/admin/css/base.css" "Mozilla/5.0 (Windows NT 10.0; Win64; x64) AppleWebKit/537.36 (KHTML, like Gecko) Chrome/93.0.4577.63 Safari/537.36"
::1 - - [13/Sep/2021:19:29:10 +0700] "GET /static/admin/js/nav_sidebar.js HTTP/1.1" 200 1360 "http://localhost/admin/film/film/" "Mozilla/5.0 (Windows NT 10.0; Win64; x64) AppleWebKit/537.36 (KHTML, like Gecko) Chrome/93.0.4577.63 Safari/537.36"
::1 - - [13/Sep/2021:19:29:10 +0700] "GET /static/rmlogos.png HTTP/1.1" 200 1975 "http://localhost/admin/film/film/" "Mozilla/5.0 (Windows NT 10.0; Win64; x64) AppleWebKit/537.36 (KHTML, like Gecko) Chrome/93.0.4577.63 Safari/537.36"
::1 - - [13/Sep/2021:19:29:11 +0700] "GET /static/admin/img/search.svg HTTP/1.1" 200 458 "http://localhost/admin/film/film/" "Mozilla/5.0 (Windows NT 10.0; Win64; x64) AppleWebKit/537.36 (KHTML, like Gecko) Chrome/93.0.4577.63 Safari/537.36"
::1 - - [13/Sep/2021:19:29:11 +0700] "GET /static/admin/img/icon-addlink.svg HTTP/1.1" 200 331 "http://localhost/static/admin/css/base.css" "Mozilla/5.0 (Windows NT 10.0; Win64; x64) AppleWebKit/537.36 (KHTML, like Gecko) Chrome/93.0.4577.63 Safari/537.36"
::1 - - [13/Sep/2021:19:29:11 +0700] "GET /static/shp.jpg HTTP/1.1" 200 26243 "http://localhost/admin/film/film/" "Mozilla/5.0 (Windows NT 10.0; Win64; x64) AppleWebKit/537.36 (KHTML, like Gecko) Chrome/93.0.4577.63 Safari/537.36"
::1 - - [13/Sep/2021:19:29:11 +0700] "GET /static/admin/fonts/Roboto-Regular-webfont.woff HTTP/1.1" 200 85876 "http://localhost/static/admin/css/fonts.css" "Mozilla/5.0 (Windows NT 10.0; Win64; x64) AppleWebKit/537.36 (KHTML, like Gecko) Chrome/93.0.4577.63 Safari/537.36"
::1 - - [13/Sep/2021:19:29:11 +0700] "GET /static/admin/fonts/Roboto-Bold-webfont.woff HTTP/1.1" 200 86184 "http://localhost/static/admin/css/fonts.css" "Mozilla/5.0 (Windows NT 10.0; Win64; x64) AppleWebKit/537.36 (KHTML, like Gecko) Chrome/93.0.4577.63 Safari/537.36"
::1 - - [13/Sep/2021:19:29:11 +0700] "GET /static/admin/fonts/Roboto-Light-webfont.woff HTTP/1.1" 200 85692 "http://localhost/static/admin/css/fonts.css" "Mozilla/5.0 (Windows NT 10.0; Win64; x64) AppleWebKit/537.36 (KHTML, like Gecko) Chrome/93.0.4577.63 Safari/537.36"
::1 - - [13/Sep/2021:19:29:11 +0700] "GET /static/admin/img/tooltag-add.svg HTTP/1.1" 200 331 "http://localhost/static/admin/css/base.css" "Mozilla/5.0 (Windows NT 10.0; Win64; x64) AppleWebKit/537.36 (KHTML, like Gecko) Chrome/93.0.4577.63 Safari/537.36"
::1 - - [13/Sep/2021:19:29:14 +0700] "GET /favicon.ico HTTP/1.1" 502 559 "http://localhost/admin/film/film/" "Mozilla/5.0 (Windows NT 10.0; Win64; x64) AppleWebKit/537.36 (KHTML, like Gecko) Chrome/93.0.4577.63 Safari/537.36"
::1 - - [13/Sep/2021:19:29:49 +0700] "GET /admin/film/film/ HTTP/1.1" 200 10631 "-" "Mozilla/5.0 (Windows NT 10.0; Win64; x64) AppleWebKit/537.36 (KHTML, like Gecko) Chrome/93.0.4577.63 Safari/537.36"
::1 - - [13/Sep/2021:19:29:49 +0700] "GET /static/admin/css/base.css HTTP/1.1" 200 19513 "http://localhost/admin/film/film/" "Mozilla/5.0 (Windows NT 10.0; Win64; x64) AppleWebKit/537.36 (KHTML, like Gecko) Chrome/93.0.4577.63 Safari/537.36"
::1 - - [13/Sep/2021:19:29:49 +0700] "GET /static/admin/css/nav_sidebar.css HTTP/1.1" 200 2271 "http://localhost/admin/film/film/" "Mozilla/5.0 (Windows NT 10.0; Win64; x64) AppleWebKit/537.36 (KHTML, like Gecko) Chrome/93.0.4577.63 Safari/537.36"
::1 - - [13/Sep/2021:19:29:49 +0700] "GET /static/admin/css/changelists.css HTTP/1.1" 200 6874 "http://localhost/admin/film/film/" "Mozilla/5.0 (Windows NT 10.0; Win64; x64) AppleWebKit/537.36 (KHTML, like Gecko) Chrome/93.0.4577.63 Safari/537.36"
::1 - - [13/Sep/2021:19:29:49 +0700] "GET /admin/jsi18n/ HTTP/1.1" 200 3195 "http://localhost/admin/film/film/" "Mozilla/5.0 (Windows NT 10.0; Win64; x64) AppleWebKit/537.36 (KHTML, like Gecko) Chrome/93.0.4577.63 Safari/537.36"
::1 - - [13/Sep/2021:19:29:49 +0700] "GET /static/admin/js/vendor/jquery/jquery.js HTTP/1.1" 200 287630 "http://localhost/admin/film/film/" "Mozilla/5.0 (Windows NT 10.0; Win64; x64) AppleWebKit/537.36 (KHTML, like Gecko) Chrome/93.0.4577.63 Safari/537.36"
::1 - - [13/Sep/2021:19:29:49 +0700] "GET /static/admin/js/jquery.init.js HTTP/1.1" 200 347 "http://localhost/admin/film/film/" "Mozilla/5.0 (Windows NT 10.0; Win64; x64) AppleWebKit/537.36 (KHTML, like Gecko) Chrome/93.0.4577.63 Safari/537.36"
::1 - - [13/Sep/2021:19:29:49 +0700] "GET /static/admin/css/responsive.css HTTP/1.1" 200 18545 "http://localhost/admin/film/film/" "Mozilla/5.0 (Windows NT 10.0; Win64; x64) AppleWebKit/537.36 (KHTML, like Gecko) Chrome/93.0.4577.63 Safari/537.36"
::1 - - [13/Sep/2021:19:29:49 +0700] "GET /static/admin/js/core.js HTTP/1.1" 200 5698 "http://localhost/admin/film/film/" "Mozilla/5.0 (Windows NT 10.0; Win64; x64) AppleWebKit/537.36 (KHTML, like Gecko) Chrome/93.0.4577.63 Safari/537.36"
::1 - - [13/Sep/2021:19:29:49 +0700] "GET /static/admin/js/admin/RelatedObjectLookups.js HTTP/1.1" 200 5984 "http://localhost/admin/film/film/" "Mozilla/5.0 (Windows NT 10.0; Win64; x64) AppleWebKit/537.36 (KHTML, like Gecko) Chrome/93.0.4577.63 Safari/537.36"
::1 - - [13/Sep/2021:19:29:50 +0700] "GET /static/admin/js/actions.js HTTP/1.1" 200 7664 "http://localhost/admin/film/film/" "Mozilla/5.0 (Windows NT 10.0; Win64; x64) AppleWebKit/537.36 (KHTML, like Gecko) Chrome/93.0.4577.63 Safari/537.36"
::1 - - [13/Sep/2021:19:29:50 +0700] "GET /static/admin/js/urlify.js HTTP/1.1" 200 7902 "http://localhost/admin/film/film/" "Mozilla/5.0 (Windows NT 10.0; Win64; x64) AppleWebKit/537.36 (KHTML, like Gecko) Chrome/93.0.4577.63 Safari/537.36"
::1 - - [13/Sep/2021:19:29:50 +0700] "GET /static/admin/js/prepopulate.js HTTP/1.1" 200 1531 "http://localhost/admin/film/film/" "Mozilla/5.0 (Windows NT 10.0; Win64; x64) AppleWebKit/537.36 (KHTML, like Gecko) Chrome/93.0.4577.63 Safari/537.36"
::1 - - [13/Sep/2021:19:29:50 +0700] "GET /static/admin/js/vendor/xregexp/xregexp.js HTTP/1.1" 200 232381 "http://localhost/admin/film/film/" "Mozilla/5.0 (Windows NT 10.0; Win64; x64) AppleWebKit/537.36 (KHTML, like Gecko) Chrome/93.0.4577.63 Safari/537.36"
::1 - - [13/Sep/2021:19:29:50 +0700] "GET /static/admin/css/fonts.css HTTP/1.1" 200 423 "http://localhost/static/admin/css/base.css" "Mozilla/5.0 (Windows NT 10.0; Win64; x64) AppleWebKit/537.36 (KHTML, like Gecko) Chrome/93.0.4577.63 Safari/537.36"
::1 - - [13/Sep/2021:19:29:51 +0700] "GET /static/admin/js/nav_sidebar.js HTTP/1.1" 200 1360 "http://localhost/admin/film/film/" "Mozilla/5.0 (Windows NT 10.0; Win64; x64) AppleWebKit/537.36 (KHTML, like Gecko) Chrome/93.0.4577.63 Safari/537.36"
::1 - - [13/Sep/2021:19:29:51 +0700] "GET /static/rmlogos.png HTTP/1.1" 200 1975 "http://localhost/admin/film/film/" "Mozilla/5.0 (Windows NT 10.0; Win64; x64) AppleWebKit/537.36 (KHTML, like Gecko) Chrome/93.0.4577.63 Safari/537.36"
::1 - - [13/Sep/2021:19:29:51 +0700] "GET /static/admin/img/search.svg HTTP/1.1" 200 458 "http://localhost/admin/film/film/" "Mozilla/5.0 (Windows NT 10.0; Win64; x64) AppleWebKit/537.36 (KHTML, like Gecko) Chrome/93.0.4577.63 Safari/537.36"
::1 - - [13/Sep/2021:19:29:51 +0700] "GET /static/admin/img/icon-addlink.svg HTTP/1.1" 200 331 "http://localhost/static/admin/css/base.css" "Mozilla/5.0 (Windows NT 10.0; Win64; x64) AppleWebKit/537.36 (KHTML, like Gecko) Chrome/93.0.4577.63 Safari/537.36"
::1 - - [13/Sep/2021:19:29:51 +0700] "GET /static/shp.jpg HTTP/1.1" 200 26243 "http://localhost/admin/film/film/" "Mozilla/5.0 (Windows NT 10.0; Win64; x64) AppleWebKit/537.36 (KHTML, like Gecko) Chrome/93.0.4577.63 Safari/537.36"
::1 - - [13/Sep/2021:19:29:52 +0700] "GET /static/admin/fonts/Roboto-Regular-webfont.woff HTTP/1.1" 200 85876 "http://localhost/static/admin/css/fonts.css" "Mozilla/5.0 (Windows NT 10.0; Win64; x64) AppleWebKit/537.36 (KHTML, like Gecko) Chrome/93.0.4577.63 Safari/537.36"
::1 - - [13/Sep/2021:19:29:52 +0700] "GET /static/admin/img/tooltag-add.svg HTTP/1.1" 200 331 "http://localhost/static/admin/css/base.css" "Mozilla/5.0 (Windows NT 10.0; Win64; x64) AppleWebKit/537.36 (KHTML, like Gecko) Chrome/93.0.4577.63 Safari/537.36"
::1 - - [13/Sep/2021:19:29:52 +0700] "GET /static/admin/fonts/Roboto-Light-webfont.woff HTTP/1.1" 200 85692 "http://localhost/static/admin/css/fonts.css" "Mozilla/5.0 (Windows NT 10.0; Win64; x64) AppleWebKit/537.36 (KHTML, like Gecko) Chrome/93.0.4577.63 Safari/537.36"
::1 - - [13/Sep/2021:19:29:52 +0700] "GET /static/admin/fonts/Roboto-Bold-webfont.woff HTTP/1.1" 200 86184 "http://localhost/static/admin/css/fonts.css" "Mozilla/5.0 (Windows NT 10.0; Win64; x64) AppleWebKit/537.36 (KHTML, like Gecko) Chrome/93.0.4577.63 Safari/537.36"
::1 - - [13/Sep/2021:19:29:55 +0700] "GET /favicon.ico HTTP/1.1" 502 559 "http://localhost/admin/film/film/" "Mozilla/5.0 (Windows NT 10.0; Win64; x64) AppleWebKit/537.36 (KHTML, like Gecko) Chrome/93.0.4577.63 Safari/537.36"
127.0.0.1 - - [17/Sep/2021:18:59:21 +0700] "GET / HTTP/1.1" 502 559 "-" "Mozilla/5.0 (Windows NT 10.0; Win64; x64) AppleWebKit/537.36 (KHTML, like Gecko) Chrome/93.0.4577.82 Safari/537.36"
127.0.0.1 - - [17/Sep/2021:18:59:30 +0700] "GET / HTTP/1.1" 502 559 "-" "Mozilla/5.0 (Windows NT 10.0; Win64; x64) AppleWebKit/537.36 (KHTML, like Gecko) Chrome/93.0.4577.82 Safari/537.36"
127.0.0.1 - - [17/Sep/2021:19:06:29 +0700] "GET /api/Film_API/film/populer/ucok HTTP/1.1" 404 555 "http://localhost:3000/" "Mozilla/5.0 (Windows NT 10.0; Win64; x64) AppleWebKit/537.36 (KHTML, like Gecko) Chrome/93.0.4577.82 Safari/537.36"
127.0.0.1 - - [17/Sep/2021:19:06:32 +0700] "GET / HTTP/1.1" 200 904 "-" "Mozilla/5.0 (Windows NT 10.0; Win64; x64) AppleWebKit/537.36 (KHTML, like Gecko) Chrome/93.0.4577.82 Safari/537.36"
127.0.0.1 - - [17/Sep/2021:19:06:33 +0700] "GET /static/js/bundle.js HTTP/1.1" 404 1908 "http://127.0.0.1/" "Mozilla/5.0 (Windows NT 10.0; Win64; x64) AppleWebKit/537.36 (KHTML, like Gecko) Chrome/93.0.4577.82 Safari/537.36"
127.0.0.1 - - [17/Sep/2021:19:06:33 +0700] "GET /static/js/main.chunk.js HTTP/1.1" 404 1920 "http://127.0.0.1/" "Mozilla/5.0 (Windows NT 10.0; Win64; x64) AppleWebKit/537.36 (KHTML, like Gecko) Chrome/93.0.4577.82 Safari/537.36"
127.0.0.1 - - [17/Sep/2021:19:06:33 +0700] "GET /static/js/vendors~main.chunk.js HTTP/1.1" 404 1944 "http://127.0.0.1/" "Mozilla/5.0 (Windows NT 10.0; Win64; x64) AppleWebKit/537.36 (KHTML, like Gecko) Chrome/93.0.4577.82 Safari/537.36"
127.0.0.1 - - [17/Sep/2021:19:06:33 +0700] "GET /static/js/main.chunk.js HTTP/1.1" 404 1920 "http://127.0.0.1/" "Mozilla/5.0 (Windows NT 10.0; Win64; x64) AppleWebKit/537.36 (KHTML, like Gecko) Chrome/93.0.4577.82 Safari/537.36"
127.0.0.1 - - [17/Sep/2021:19:06:33 +0700] "GET /manifest.json HTTP/1.1" 304 0 "http://127.0.0.1/" "Mozilla/5.0 (Windows NT 10.0; Win64; x64) AppleWebKit/537.36 (KHTML, like Gecko) Chrome/93.0.4577.82 Safari/537.36"
127.0.0.1 - - [17/Sep/2021:19:06:34 +0700] "GET /favicon.ico HTTP/1.1" 200 809 "http://127.0.0.1/" "Mozilla/5.0 (Windows NT 10.0; Win64; x64) AppleWebKit/537.36 (KHTML, like Gecko) Chrome/93.0.4577.82 Safari/537.36"
127.0.0.1 - - [17/Sep/2021:19:06:46 +0700] "GET /api/Film_API/film/populer/ucok HTTP/1.1" 404 555 "http://localhost:3000/" "Mozilla/5.0 (Windows NT 10.0; Win64; x64) AppleWebKit/537.36 (KHTML, like Gecko) Chrome/93.0.4577.82 Safari/537.36"
127.0.0.1 - - [17/Sep/2021:19:07:02 +0700] "GET /api/Film_API/film/populer/ucok HTTP/1.1" 404 555 "http://localhost:3000/" "Mozilla/5.0 (Windows NT 10.0; Win64; x64) AppleWebKit/537.36 (KHTML, like Gecko) Chrome/93.0.4577.82 Safari/537.36"
127.0.0.1 - - [17/Sep/2021:19:08:27 +0700] "GET / HTTP/1.1" 304 0 "-" "Mozilla/5.0 (Windows NT 10.0; Win64; x64) AppleWebKit/537.36 (KHTML, like Gecko) Chrome/93.0.4577.82 Safari/537.36"
127.0.0.1 - - [17/Sep/2021:19:08:27 +0700] "GET /static/js/bundle.js HTTP/1.1" 404 1908 "http://127.0.0.1/" "Mozilla/5.0 (Windows NT 10.0; Win64; x64) AppleWebKit/537.36 (KHTML, like Gecko) Chrome/93.0.4577.82 Safari/537.36"
127.0.0.1 - - [17/Sep/2021:19:08:27 +0700] "GET /static/js/vendors~main.chunk.js HTTP/1.1" 404 1944 "http://127.0.0.1/" "Mozilla/5.0 (Windows NT 10.0; Win64; x64) AppleWebKit/537.36 (KHTML, like Gecko) Chrome/93.0.4577.82 Safari/537.36"
127.0.0.1 - - [17/Sep/2021:19:08:27 +0700] "GET /static/js/main.chunk.js HTTP/1.1" 404 1920 "http://127.0.0.1/" "Mozilla/5.0 (Windows NT 10.0; Win64; x64) AppleWebKit/537.36 (KHTML, like Gecko) Chrome/93.0.4577.82 Safari/537.36"
127.0.0.1 - - [17/Sep/2021:19:08:28 +0700] "GET /manifest.json HTTP/1.1" 304 0 "http://127.0.0.1/" "Mozilla/5.0 (Windows NT 10.0; Win64; x64) AppleWebKit/537.36 (KHTML, like Gecko) Chrome/93.0.4577.82 Safari/537.36"
127.0.0.1 - - [17/Sep/2021:19:08:28 +0700] "GET /favicon.ico HTTP/1.1" 200 809 "http://127.0.0.1/" "Mozilla/5.0 (Windows NT 10.0; Win64; x64) AppleWebKit/537.36 (KHTML, like Gecko) Chrome/93.0.4577.82 Safari/537.36"
127.0.0.1 - - [17/Sep/2021:19:08:29 +0700] "GET / HTTP/1.1" 304 0 "-" "Mozilla/5.0 (Windows NT 10.0; Win64; x64) AppleWebKit/537.36 (KHTML, like Gecko) Chrome/93.0.4577.82 Safari/537.36"
127.0.0.1 - - [17/Sep/2021:19:08:29 +0700] "GET /static/js/bundle.js HTTP/1.1" 404 1908 "http://127.0.0.1/" "Mozilla/5.0 (Windows NT 10.0; Win64; x64) AppleWebKit/537.36 (KHTML, like Gecko) Chrome/93.0.4577.82 Safari/537.36"
127.0.0.1 - - [17/Sep/2021:19:08:29 +0700] "GET /static/js/main.chunk.js HTTP/1.1" 404 1920 "http://127.0.0.1/" "Mozilla/5.0 (Windows NT 10.0; Win64; x64) AppleWebKit/537.36 (KHTML, like Gecko) Chrome/93.0.4577.82 Safari/537.36"
127.0.0.1 - - [17/Sep/2021:19:08:29 +0700] "GET /static/js/vendors~main.chunk.js HTTP/1.1" 404 1944 "http://127.0.0.1/" "Mozilla/5.0 (Windows NT 10.0; Win64; x64) AppleWebKit/537.36 (KHTML, like Gecko) Chrome/93.0.4577.82 Safari/537.36"
127.0.0.1 - - [17/Sep/2021:19:08:29 +0700] "GET /manifest.json HTTP/1.1" 304 0 "http://127.0.0.1/" "Mozilla/5.0 (Windows NT 10.0; Win64; x64) AppleWebKit/537.36 (KHTML, like Gecko) Chrome/93.0.4577.82 Safari/537.36"
127.0.0.1 - - [17/Sep/2021:19:08:29 +0700] "GET /favicon.ico HTTP/1.1" 200 809 "http://127.0.0.1/" "Mozilla/5.0 (Windows NT 10.0; Win64; x64) AppleWebKit/537.36 (KHTML, like Gecko) Chrome/93.0.4577.82 Safari/537.36"
127.0.0.1 - - [17/Sep/2021:19:09:23 +0700] "GET / HTTP/1.1" 304 0 "-" "Mozilla/5.0 (Windows NT 10.0; Win64; x64) AppleWebKit/537.36 (KHTML, like Gecko) Chrome/93.0.4577.82 Safari/537.36"
127.0.0.1 - - [17/Sep/2021:19:09:23 +0700] "GET /static/js/bundle.js HTTP/1.1" 200 7778 "http://127.0.0.1/" "Mozilla/5.0 (Windows NT 10.0; Win64; x64) AppleWebKit/537.36 (KHTML, like Gecko) Chrome/93.0.4577.82 Safari/537.36"
127.0.0.1 - - [17/Sep/2021:19:09:23 +0700] "GET /static/js/vendors~main.chunk.js HTTP/1.1" 200 515947 "http://127.0.0.1/" "Mozilla/5.0 (Windows NT 10.0; Win64; x64) AppleWebKit/537.36 (KHTML, like Gecko) Chrome/93.0.4577.82 Safari/537.36"
127.0.0.1 - - [17/Sep/2021:19:09:24 +0700] "GET /static/js/main.chunk.js HTTP/1.1" 200 967684 "http://127.0.0.1/" "Mozilla/5.0 (Windows NT 10.0; Win64; x64) AppleWebKit/537.36 (KHTML, like Gecko) Chrome/93.0.4577.82 Safari/537.36"
127.0.0.1 - - [17/Sep/2021:19:09:24 +0700] "GET /sockjs-node HTTP/1.1" 404 150 "-" "Mozilla/5.0 (Windows NT 10.0; Win64; x64) AppleWebKit/537.36 (KHTML, like Gecko) Chrome/93.0.4577.82 Safari/537.36"
127.0.0.1 - - [17/Sep/2021:19:09:26 +0700] "GET /api/Film_API/film/populer/ucok HTTP/1.1" 200 2 "http://127.0.0.1/" "Mozilla/5.0 (Windows NT 10.0; Win64; x64) AppleWebKit/537.36 (KHTML, like Gecko) Chrome/93.0.4577.82 Safari/537.36"
127.0.0.1 - - [17/Sep/2021:19:09:28 +0700] "GET /manifest.json HTTP/1.1" 304 0 "http://127.0.0.1/" "Mozilla/5.0 (Windows NT 10.0; Win64; x64) AppleWebKit/537.36 (KHTML, like Gecko) Chrome/93.0.4577.82 Safari/537.36"
127.0.0.1 - - [17/Sep/2021:19:09:28 +0700] "GET /favicon.ico HTTP/1.1" 200 809 "http://127.0.0.1/" "Mozilla/5.0 (Windows NT 10.0; Win64; x64) AppleWebKit/537.36 (KHTML, like Gecko) Chrome/93.0.4577.82 Safari/537.36"
127.0.0.1 - - [17/Sep/2021:19:10:08 +0700] "GET / HTTP/1.1" 304 0 "-" "Mozilla/5.0 (Windows NT 10.0; Win64; x64) AppleWebKit/537.36 (KHTML, like Gecko) Chrome/93.0.4577.82 Safari/537.36"
127.0.0.1 - - [17/Sep/2021:19:10:09 +0700] "GET /static/js/bundle.js HTTP/1.1" 304 0 "http://127.0.0.1/" "Mozilla/5.0 (Windows NT 10.0; Win64; x64) AppleWebKit/537.36 (KHTML, like Gecko) Chrome/93.0.4577.82 Safari/537.36"
127.0.0.1 - - [17/Sep/2021:19:10:09 +0700] "GET /static/js/vendors~main.chunk.js HTTP/1.1" 304 0 "http://127.0.0.1/" "Mozilla/5.0 (Windows NT 10.0; Win64; x64) AppleWebKit/537.36 (KHTML, like Gecko) Chrome/93.0.4577.82 Safari/537.36"
127.0.0.1 - - [17/Sep/2021:19:10:09 +0700] "GET /static/js/main.chunk.js HTTP/1.1" 304 0 "http://127.0.0.1/" "Mozilla/5.0 (Windows NT 10.0; Win64; x64) AppleWebKit/537.36 (KHTML, like Gecko) Chrome/93.0.4577.82 Safari/537.36"
127.0.0.1 - - [17/Sep/2021:19:10:09 +0700] "GET /sockjs-node HTTP/1.1" 404 150 "-" "Mozilla/5.0 (Windows NT 10.0; Win64; x64) AppleWebKit/537.36 (KHTML, like Gecko) Chrome/93.0.4577.82 Safari/537.36"
127.0.0.1 - - [17/Sep/2021:19:10:11 +0700] "GET /api/Film_API/film/populer/ucok HTTP/1.1" 200 2 "http://127.0.0.1/" "Mozilla/5.0 (Windows NT 10.0; Win64; x64) AppleWebKit/537.36 (KHTML, like Gecko) Chrome/93.0.4577.82 Safari/537.36"
127.0.0.1 - - [17/Sep/2021:19:10:23 +0700] "GET /api/list_link HTTP/1.1" 200 322 "-" "Mozilla/5.0 (Windows NT 10.0; Win64; x64) AppleWebKit/537.36 (KHTML, like Gecko) Chrome/93.0.4577.82 Safari/537.36"
127.0.0.1 - - [17/Sep/2021:19:10:26 +0700] "GET /favicon.ico HTTP/1.1" 304 0 "http://127.0.0.1/api/list_link" "Mozilla/5.0 (Windows NT 10.0; Win64; x64) AppleWebKit/537.36 (KHTML, like Gecko) Chrome/93.0.4577.82 Safari/537.36"
127.0.0.1 - - [17/Sep/2021:19:10:40 +0700] "GET /api/Film_API/film/popular/ucok HTTP/1.1" 200 152 "-" "Mozilla/5.0 (Windows NT 10.0; Win64; x64) AppleWebKit/537.36 (KHTML, like Gecko) Chrome/93.0.4577.82 Safari/537.36"
127.0.0.1 - - [17/Sep/2021:19:11:05 +0700] "GET /manifest.json HTTP/1.1" 304 0 "http://127.0.0.1/" "Mozilla/5.0 (Windows NT 10.0; Win64; x64) AppleWebKit/537.36 (KHTML, like Gecko) Chrome/93.0.4577.82 Safari/537.36"
127.0.0.1 - - [17/Sep/2021:19:11:05 +0700] "GET /favicon.ico HTTP/1.1" 200 809 "http://127.0.0.1/" "Mozilla/5.0 (Windows NT 10.0; Win64; x64) AppleWebKit/537.36 (KHTML, like Gecko) Chrome/93.0.4577.82 Safari/537.36"
127.0.0.1 - - [17/Sep/2021:19:12:01 +0700] "GET /api/Film_API/film/latest/ucok HTTP/1.1" 200 230 "-" "Mozilla/5.0 (Windows NT 10.0; Win64; x64) AppleWebKit/537.36 (KHTML, like Gecko) Chrome/93.0.4577.82 Safari/537.36"
127.0.0.1 - - [17/Sep/2021:19:12:22 +0700] "GET /api/Film_API/film/top/ucok HTTP/1.1" 200 23 "-" "Mozilla/5.0 (Windows NT 10.0; Win64; x64) AppleWebKit/537.36 (KHTML, like Gecko) Chrome/93.0.4577.82 Safari/537.36"
127.0.0.1 - - [17/Sep/2021:19:12:33 +0700] "GET /api/Film_API/film/trend/ucok HTTP/1.1" 200 128 "-" "Mozilla/5.0 (Windows NT 10.0; Win64; x64) AppleWebKit/537.36 (KHTML, like Gecko) Chrome/93.0.4577.82 Safari/537.36"
127.0.0.1 - - [17/Sep/2021:19:12:55 +0700] "GET /api/Film_API/film/top/ucok HTTP/1.1" 200 23 "-" "Mozilla/5.0 (Windows NT 10.0; Win64; x64) AppleWebKit/537.36 (KHTML, like Gecko) Chrome/93.0.4577.82 Safari/537.36"
::1 - - [19/Sep/2021:08:22:42 +0700] "GET / HTTP/1.1" 502 559 "-" "Mozilla/5.0 (Windows NT 10.0; Win64; x64) AppleWebKit/537.36 (KHTML, like Gecko) Chrome/93.0.4577.82 Safari/537.36"
::1 - - [19/Sep/2021:08:24:56 +0700] "GET /api/list_link HTTP/1.1" 200 322 "-" "Mozilla/5.0 (Windows NT 10.0; Win64; x64) AppleWebKit/537.36 (KHTML, like Gecko) Chrome/93.0.4577.82 Safari/537.36"
::1 - - [19/Sep/2021:08:25:04 +0700] "GET /api/list_link HTTP/1.1" 200 322 "-" "Mozilla/5.0 (Windows NT 10.0; Win64; x64) AppleWebKit/537.36 (KHTML, like Gecko) Chrome/93.0.4577.82 Safari/537.36"
::1 - - [19/Sep/2021:08:25:18 +0700] "GET /api/Film_API/film/latest/ucok HTTP/1.1" 200 230 "-" "Mozilla/5.0 (Windows NT 10.0; Win64; x64) AppleWebKit/537.36 (KHTML, like Gecko) Chrome/93.0.4577.82 Safari/537.36"
::1 - - [19/Sep/2021:08:25:29 +0700] "GET /api/Film_API/film/popular/ucok HTTP/1.1" 200 152 "-" "Mozilla/5.0 (Windows NT 10.0; Win64; x64) AppleWebKit/537.36 (KHTML, like Gecko) Chrome/93.0.4577.82 Safari/537.36"
::1 - - [19/Sep/2021:08:25:37 +0700] "GET /api/Film_API/film/top/ucok HTTP/1.1" 200 128 "-" "Mozilla/5.0 (Windows NT 10.0; Win64; x64) AppleWebKit/537.36 (KHTML, like Gecko) Chrome/93.0.4577.82 Safari/537.36"
::1 - - [19/Sep/2021:08:25:45 +0700] "GET /api/Film_API/film/trend/ucok HTTP/1.1" 200 128 "-" "Mozilla/5.0 (Windows NT 10.0; Win64; x64) AppleWebKit/537.36 (KHTML, like Gecko) Chrome/93.0.4577.82 Safari/537.36"
::1 - - [19/Sep/2021:08:27:39 +0700] "GET / HTTP/1.1" 200 904 "-" "Mozilla/5.0 (Windows NT 10.0; Win64; x64) AppleWebKit/537.36 (KHTML, like Gecko) Chrome/93.0.4577.82 Safari/537.36"
::1 - - [19/Sep/2021:08:27:39 +0700] "GET /static/js/bundle.js HTTP/1.1" 200 7780 "http://localhost/" "Mozilla/5.0 (Windows NT 10.0; Win64; x64) AppleWebKit/537.36 (KHTML, like Gecko) Chrome/93.0.4577.82 Safari/537.36"
::1 - - [19/Sep/2021:08:27:39 +0700] "GET /static/js/vendors~main.chunk.js HTTP/1.1" 200 515947 "http://localhost/" "Mozilla/5.0 (Windows NT 10.0; Win64; x64) AppleWebKit/537.36 (KHTML, like Gecko) Chrome/93.0.4577.82 Safari/537.36"
::1 - - [19/Sep/2021:08:27:39 +0700] "GET /static/js/main.chunk.js HTTP/1.1" 200 967682 "http://localhost/" "Mozilla/5.0 (Windows NT 10.0; Win64; x64) AppleWebKit/537.36 (KHTML, like Gecko) Chrome/93.0.4577.82 Safari/537.36"
::1 - - [19/Sep/2021:08:27:40 +0700] "GET /sockjs-node HTTP/1.1" 404 150 "-" "Mozilla/5.0 (Windows NT 10.0; Win64; x64) AppleWebKit/537.36 (KHTML, like Gecko) Chrome/93.0.4577.82 Safari/537.36"
::1 - - [19/Sep/2021:08:27:41 +0700] "GET /api/Film_API/film/popular/ucok HTTP/1.1" 200 152 "http://localhost/" "Mozilla/5.0 (Windows NT 10.0; Win64; x64) AppleWebKit/537.36 (KHTML, like Gecko) Chrome/93.0.4577.82 Safari/537.36"
::1 - - [19/Sep/2021:08:27:43 +0700] "GET /manifest.json HTTP/1.1" 304 0 "http://localhost/" "Mozilla/5.0 (Windows NT 10.0; Win64; x64) AppleWebKit/537.36 (KHTML, like Gecko) Chrome/93.0.4577.82 Safari/537.36"
::1 - - [19/Sep/2021:10:48:44 +0700] "GET /api/list_link HTTP/1.1" 200 322 "-" "Mozilla/5.0 (Windows NT 10.0; Win64; x64) AppleWebKit/537.36 (KHTML, like Gecko) Chrome/93.0.4577.82 Safari/537.36"
::1 - - [19/Sep/2021:10:48:55 +0700] "GET /api/Film_API/film/top/ucok HTTP/1.1" 200 128 "-" "Mozilla/5.0 (Windows NT 10.0; Win64; x64) AppleWebKit/537.36 (KHTML, like Gecko) Chrome/93.0.4577.82 Safari/537.36"
::1 - - [19/Sep/2021:10:50:04 +0700] "GET / HTTP/1.1" 304 0 "-" "Mozilla/5.0 (Windows NT 10.0; Win64; x64) AppleWebKit/537.36 (KHTML, like Gecko) Chrome/93.0.4577.82 Safari/537.36"
::1 - - [19/Sep/2021:10:50:04 +0700] "GET /static/js/vendors~main.chunk.js HTTP/1.1" 304 0 "http://localhost/" "Mozilla/5.0 (Windows NT 10.0; Win64; x64) AppleWebKit/537.36 (KHTML, like Gecko) Chrome/93.0.4577.82 Safari/537.36"
::1 - - [19/Sep/2021:10:50:04 +0700] "GET /static/js/bundle.js HTTP/1.1" 200 7777 "http://localhost/" "Mozilla/5.0 (Windows NT 10.0; Win64; x64) AppleWebKit/537.36 (KHTML, like Gecko) Chrome/93.0.4577.82 Safari/537.36"
::1 - - [19/Sep/2021:10:50:05 +0700] "GET /static/js/main.chunk.js HTTP/1.1" 200 967665 "http://localhost/" "Mozilla/5.0 (Windows NT 10.0; Win64; x64) AppleWebKit/537.36 (KHTML, like Gecko) Chrome/93.0.4577.82 Safari/537.36"
::1 - - [19/Sep/2021:10:50:05 +0700] "GET /sockjs-node HTTP/1.1" 404 150 "-" "Mozilla/5.0 (Windows NT 10.0; Win64; x64) AppleWebKit/537.36 (KHTML, like Gecko) Chrome/93.0.4577.82 Safari/537.36"
::1 - - [19/Sep/2021:10:50:08 +0700] "GET /api/Film_API/film/top/ucok HTTP/1.1" 200 128 "http://localhost/" "Mozilla/5.0 (Windows NT 10.0; Win64; x64) AppleWebKit/537.36 (KHTML, like Gecko) Chrome/93.0.4577.82 Safari/537.36"
::1 - - [19/Sep/2021:10:50:11 +0700] "GET /manifest.json HTTP/1.1" 304 0 "http://localhost/" "Mozilla/5.0 (Windows NT 10.0; Win64; x64) AppleWebKit/537.36 (KHTML, like Gecko) Chrome/93.0.4577.82 Safari/537.36"
::1 - - [19/Sep/2021:10:50:11 +0700] "GET /favicon.ico HTTP/1.1" 200 809 "http://localhost/" "Mozilla/5.0 (Windows NT 10.0; Win64; x64) AppleWebKit/537.36 (KHTML, like Gecko) Chrome/93.0.4577.82 Safari/537.36"
::1 - - [19/Sep/2021:11:10:56 +0700] "GET /api/Film_API/film/popular/ucok HTTP/1.1" 200 152 "-" "Mozilla/5.0 (Windows NT 10.0; Win64; x64) AppleWebKit/537.36 (KHTML, like Gecko) Chrome/93.0.4577.82 Safari/537.36"
::1 - - [19/Sep/2021:11:12:45 +0700] "GET / HTTP/1.1" 304 0 "-" "Mozilla/5.0 (Windows NT 10.0; Win64; x64) AppleWebKit/537.36 (KHTML, like Gecko) Chrome/93.0.4577.82 Safari/537.36"
::1 - - [19/Sep/2021:11:12:45 +0700] "GET /static/js/vendors~main.chunk.js HTTP/1.1" 304 0 "http://localhost/" "Mozilla/5.0 (Windows NT 10.0; Win64; x64) AppleWebKit/537.36 (KHTML, like Gecko) Chrome/93.0.4577.82 Safari/537.36"
::1 - - [19/Sep/2021:11:12:45 +0700] "GET /static/js/bundle.js HTTP/1.1" 200 7776 "http://localhost/" "Mozilla/5.0 (Windows NT 10.0; Win64; x64) AppleWebKit/537.36 (KHTML, like Gecko) Chrome/93.0.4577.82 Safari/537.36"
::1 - - [19/Sep/2021:11:12:46 +0700] "GET /static/js/main.chunk.js HTTP/1.1" 200 967675 "http://localhost/" "Mozilla/5.0 (Windows NT 10.0; Win64; x64) AppleWebKit/537.36 (KHTML, like Gecko) Chrome/93.0.4577.82 Safari/537.36"
::1 - - [19/Sep/2021:11:12:46 +0700] "GET /sockjs-node HTTP/1.1" 404 150 "-" "Mozilla/5.0 (Windows NT 10.0; Win64; x64) AppleWebKit/537.36 (KHTML, like Gecko) Chrome/93.0.4577.82 Safari/537.36"
::1 - - [19/Sep/2021:11:12:48 +0700] "GET /api/Film_API/film/top/ucok HTTP/1.1" 200 128 "http://localhost/" "Mozilla/5.0 (Windows NT 10.0; Win64; x64) AppleWebKit/537.36 (KHTML, like Gecko) Chrome/93.0.4577.82 Safari/537.36"
::1 - - [19/Sep/2021:11:13:02 +0700] "GET /manifest.json HTTP/1.1" 304 0 "http://localhost/" "Mozilla/5.0 (Windows NT 10.0; Win64; x64) AppleWebKit/537.36 (KHTML, like Gecko) Chrome/93.0.4577.82 Safari/537.36"
::1 - - [19/Sep/2021:11:13:02 +0700] "GET /favicon.ico HTTP/1.1" 200 809 "http://localhost/" "Mozilla/5.0 (Windows NT 10.0; Win64; x64) AppleWebKit/537.36 (KHTML, like Gecko) Chrome/93.0.4577.82 Safari/537.36"
